#
# There is insufficient memory for the Java Runtime Environment to continue.
# Native memory allocation (malloc) failed to allocate 1176256 bytes for Chunk::new
# Possible reasons:
#   The system is out of physical RAM or swap space
#   The process is running with CompressedOops enabled, and the Java Heap may be blocking the growth of the native heap
# Possible solutions:
#   Reduce memory load on the system
#   Increase physical memory or swap space
#   Check if swap backing store is full
#   Decrease Java heap size (-Xmx/-Xms)
#   Decrease number of Java threads
#   Decrease Java thread stack sizes (-Xss)
#   Set larger code cache with -XX:ReservedCodeCacheSize=
#   JVM is running with Unscaled Compressed Oops mode in which the Java heap is
#     placed in the first 4GB address space. The Java Heap base address is the
#     maximum limit for the native heap growth. Please use -XX:HeapBaseMinAddress
#     to set the Java Heap base and to place the Java Heap above 4GB virtual address.
# This output file may be truncated or incomplete.
#
#  Out of Memory Error (arena.cpp:189), pid=21772, tid=15456
#
# JRE version: OpenJDK Runtime Environment (17.0.6) (build 17.0.6+0-b2043.56-9586694)
# Java VM: OpenJDK 64-Bit Server VM (17.0.6+0-b2043.56-9586694, mixed mode, tiered, compressed oops, compressed class ptrs, g1 gc, windows-amd64)
# No core dump will be written. Minidumps are not enabled by default on client versions of Windows
#

---------------  S U M M A R Y ------------

Command Line: --add-opens=java.base/java.util=ALL-UNNAMED --add-opens=java.base/java.lang=ALL-UNNAMED --add-opens=java.base/java.lang.invoke=ALL-UNNAMED --add-opens=java.prefs/java.util.prefs=ALL-UNNAMED --add-opens=java.base/java.nio.charset=ALL-UNNAMED --add-opens=java.base/java.net=ALL-UNNAMED --add-opens=java.base/java.util.concurrent.atomic=ALL-UNNAMED -Xmx2048m -Dfile.encoding=UTF-8 -Duser.country=CN -Duser.language=zh -Duser.variant org.gradle.launcher.daemon.bootstrap.GradleDaemon 8.0

Host: AMD Ryzen 7 5800H with Radeon Graphics         , 16 cores, 13G,  Windows 10 , 64 bit Build 19041 (10.0.19041.2913)
Time: Thu Jun  1 20:54:48 2023  Windows 10 , 64 bit Build 19041 (10.0.19041.2913) elapsed time: 10.878289 seconds (0d 0h 0m 10s)

---------------  T H R E A D  ---------------

Current thread (0x000001295a190dd0):  JavaThread "C2 CompilerThread1" daemon [_thread_in_native, id=15456, stack(0x000000194b500000,0x000000194b600000)]


Current CompileTask:
C2:  10878 9377   !   4       com.sun.beans.TypeResolver::resolve (261 bytes)

Stack: [0x000000194b500000,0x000000194b600000]
Native frames: (J=compiled Java code, j=interpreted, Vv=VM code, C=native code)
V  [jvm.dll+0x683b4a]
V  [jvm.dll+0x842654]
V  [jvm.dll+0x843dfe]
V  [jvm.dll+0x844463]
V  [jvm.dll+0x249b75]
V  [jvm.dll+0xabcac]
V  [jvm.dll+0xac27c]
V  [jvm.dll+0x2b0eef]
V  [jvm.dll+0x58a207]
V  [jvm.dll+0x2243b2]
V  [jvm.dll+0x22478f]
V  [jvm.dll+0x21e055]
V  [jvm.dll+0x21b51b]
V  [jvm.dll+0x1a4fdd]
V  [jvm.dll+0x22b098]
V  [jvm.dll+0x229159]
V  [jvm.dll+0x7f809c]
V  [jvm.dll+0x7f25fa]
V  [jvm.dll+0x682985]
C  [ucrtbase.dll+0x21bb2]
C  [KERNEL32.DLL+0x17614]
C  [ntdll.dll+0x526a1]


---------------  P R O C E S S  ---------------

Threads class SMR info:
_java_thread_list=0x000001295d6d2340, length=181, elements={
0x0000012938623690, 0x0000012954f467b0, 0x0000012955861580, 0x000001295587cd50,
0x000001295589df90, 0x0000012955866190, 0x0000012955866660, 0x00000129558a41c0,
0x00000129558b6c50, 0x00000129558c3580, 0x00000129558674d0, 0x00000129558657f0,
0x000001295680c8f0, 0x0000012956c55430, 0x0000012955864e50, 0x0000012956e7d880,
0x0000012955865320, 0x0000012955867e70, 0x0000012955866b30, 0x0000012955867000,
0x0000012955868340, 0x00000129558679a0, 0x0000012955864980, 0x0000012955865cc0,
0x0000012957d4b8a0, 0x0000012957d4d0b0, 0x0000012957d4af00, 0x0000012957d4b3d0,
0x0000012957d4a560, 0x0000012957d4bd70, 0x0000012957d4df20, 0x0000012957d4c240,
0x0000012957d49220, 0x0000012957d496f0, 0x0000012957d4d580, 0x0000012957d4e3f0,
0x0000012957d4da50, 0x0000012957d4aa30, 0x0000012957d4cbe0, 0x0000012957d4e8c0,
0x0000012957d47070, 0x0000012957d47ee0, 0x0000012957d483b0, 0x0000012957d4a090,
0x0000012957fb6c40, 0x0000012957fb8450, 0x0000012957fbc2e0, 0x0000012957fb8920,
0x0000012957fb5dd0, 0x0000012957fba600, 0x0000012957fb8df0, 0x0000012957fb62a0,
0x0000012957fbc7b0, 0x0000012957fbcc80, 0x0000012957fbd150, 0x0000012957fb7f80,
0x0000012957fb92c0, 0x0000012957fbafa0, 0x0000012957fb6770, 0x0000012957fbd620,
0x0000012957fba130, 0x0000012957fb75e0, 0x0000012957fb9790, 0x0000012957fbb940,
0x0000012957fb7110, 0x0000012957fb7ab0, 0x0000012957fb9c60, 0x0000012957fbb470,
0x0000012957fbaad0, 0x0000012957fbbe10, 0x0000012955bb39d0, 0x0000012955bb4370,
0x0000012955bae800, 0x0000012955baecd0, 0x0000012955bb4d10, 0x0000012955bb4840,
0x0000012955bafb40, 0x0000012955bae330, 0x0000012955bb0e80, 0x0000012955baf1a0,
0x0000012955bb3500, 0x0000012955bb3ea0, 0x0000012955bb51e0, 0x0000012955bb2b60,
0x0000012955baf670, 0x0000012955bb1cf0, 0x0000012955bb2690, 0x0000012955bb0010,
0x0000012955bb04e0, 0x0000012955bb56b0, 0x0000012955bb3030, 0x0000012955bb09b0,
0x0000012955bb5b80, 0x0000012955bb1350, 0x0000012955bb1820, 0x0000012955bb21c0,
0x00000129585d3f00, 0x00000129585d9f40, 0x00000129585d43d0, 0x00000129585d8c00,
0x00000129585d5710, 0x00000129585d73f0, 0x00000129585d78c0, 0x00000129585da410,
0x00000129585d48a0, 0x00000129585d90d0, 0x00000129585d8260, 0x00000129585d4d70,
0x00000129585da8e0, 0x00000129585d8730, 0x00000129585d7d90, 0x00000129585d5240,
0x00000129585d3560, 0x00000129585d5be0, 0x00000129585d95a0, 0x00000129585d6a50,
0x00000129585d60b0, 0x00000129585d9a70, 0x00000129585d6f20, 0x00000129585d3a30,
0x00000129585d6580, 0x00000129585d3090, 0x000001295899fe70, 0x000001295899e190,
0x000001295899f4d0, 0x000001295899e660, 0x000001295899c980, 0x000001295899a300,
0x000001295899bb10, 0x000001295899eb30, 0x000001295899f000, 0x000001295899dcc0,
0x000001295899bfe0, 0x0000012958999e30, 0x000001295899b170, 0x000001295899c4b0,
0x000001295899ce50, 0x000001295899d320, 0x000001295899d7f0, 0x0000012958998fc0,
0x000001295899b640, 0x000001295899f9a0, 0x000001295899a7d0, 0x00000129589a0340,
0x00000129589a0810, 0x0000012958999490, 0x0000012958999960, 0x000001295ae19270,
0x000001295ae17a60, 0x000001295ae123c0, 0x000001295ae14a40, 0x000001295ae14f10,
0x000001295ae17f30, 0x000001295ae18400, 0x000001295ae153e0, 0x000001295ae158b0,
0x000001295ae15d80, 0x000001295ae13230, 0x000001295ae18da0, 0x000001295ae188d0,
0x000001295ae19740, 0x000001295ae17590, 0x000001295ae13700, 0x000001295ae13bd0,
0x000001295ae19c10, 0x000001295ae12890, 0x000001295ae16250, 0x000001295ae140a0,
0x000001295ae14570, 0x000001295ae12d60, 0x000001295ae16720, 0x000001295ae16bf0,
0x000001295ae170c0, 0x000001295899aca0, 0x000001295b2744f0, 0x000001295b275360,
0x000001295b277510, 0x000001295a190dd0, 0x00000129568ac400, 0x000001295b2749c0,
0x000001295b272810
}

Java Threads: ( => current thread )
  0x0000012938623690 JavaThread "main" [_thread_blocked, id=22324, stack(0x000000193ee00000,0x000000193ef00000)]
  0x0000012954f467b0 JavaThread "Reference Handler" daemon [_thread_blocked, id=16596, stack(0x000000193f500000,0x000000193f600000)]
  0x0000012955861580 JavaThread "Finalizer" daemon [_thread_blocked, id=8364, stack(0x000000193f600000,0x000000193f700000)]
  0x000001295587cd50 JavaThread "Signal Dispatcher" daemon [_thread_blocked, id=22412, stack(0x000000193f700000,0x000000193f800000)]
  0x000001295589df90 JavaThread "Attach Listener" daemon [_thread_blocked, id=7260, stack(0x000000193f800000,0x000000193f900000)]
  0x0000012955866190 JavaThread "Service Thread" daemon [_thread_blocked, id=20624, stack(0x000000193f900000,0x000000193fa00000)]
  0x0000012955866660 JavaThread "Monitor Deflation Thread" daemon [_thread_blocked, id=29756, stack(0x000000193fa00000,0x000000193fb00000)]
  0x00000129558a41c0 JavaThread "C2 CompilerThread0" daemon [_thread_in_native, id=11232, stack(0x000000193fb00000,0x000000193fc00000)]
  0x00000129558b6c50 JavaThread "C1 CompilerThread0" daemon [_thread_blocked, id=16716, stack(0x000000193fc00000,0x000000193fd00000)]
  0x00000129558c3580 JavaThread "Sweeper thread" daemon [_thread_blocked, id=27064, stack(0x000000193fd00000,0x000000193fe00000)]
  0x00000129558674d0 JavaThread "Common-Cleaner" daemon [_thread_blocked, id=31952, stack(0x000000193ff00000,0x0000001940000000)]
  0x00000129558657f0 JavaThread "Notification Thread" daemon [_thread_blocked, id=17160, stack(0x0000001940000000,0x0000001940100000)]
  0x000001295680c8f0 JavaThread "C1 CompilerThread1" daemon [_thread_blocked, id=34544, stack(0x000000193fe00000,0x000000193ff00000)]
  0x0000012956c55430 JavaThread "C1 CompilerThread2" daemon [_thread_blocked, id=31700, stack(0x0000001940200000,0x0000001940300000)]
  0x0000012955864e50 JavaThread "Daemon health stats" [_thread_blocked, id=21536, stack(0x0000001940800000,0x0000001940900000)]
  0x0000012956e7d880 JavaThread "C1 CompilerThread3" daemon [_thread_blocked, id=3592, stack(0x0000001940900000,0x0000001940a00000)]
  0x0000012955865320 JavaThread "Incoming local TCP Connector on port 12388" [_thread_in_native, id=32868, stack(0x0000001940a00000,0x0000001940b00000)]
  0x0000012955867e70 JavaThread "Daemon periodic checks" [_thread_blocked, id=18520, stack(0x0000001940b00000,0x0000001940c00000)]
  0x0000012955866b30 JavaThread "Daemon" [_thread_blocked, id=19460, stack(0x0000001940c00000,0x0000001940d00000)]
  0x0000012955867000 JavaThread "Handler for socket connection from /127.0.0.1:12388 to /127.0.0.1:12389" [_thread_in_native, id=34528, stack(0x0000001940d00000,0x0000001940e00000)]
  0x0000012955868340 JavaThread "Cancel handler" [_thread_blocked, id=180, stack(0x0000001940e00000,0x0000001940f00000)]
  0x00000129558679a0 JavaThread "Daemon worker" [_thread_in_vm, id=16252, stack(0x0000001940f00000,0x0000001941000000)]
  0x0000012955864980 JavaThread "Asynchronous log dispatcher for DefaultDaemonConnection: socket connection from /127.0.0.1:12388 to /127.0.0.1:12389" [_thread_blocked, id=15132, stack(0x0000001941000000,0x0000001941100000)]
  0x0000012955865cc0 JavaThread "Stdin handler" [_thread_blocked, id=22664, stack(0x0000001941100000,0x0000001941200000)]
  0x0000012957d4b8a0 JavaThread "Daemon client event forwarder" [_thread_blocked, id=31544, stack(0x0000001941200000,0x0000001941300000)]
  0x0000012957d4d0b0 JavaThread "Cache worker for journal cache (C:\Users\Lenovo\.gradle\caches\journal-1)" [_thread_blocked, id=25104, stack(0x0000001941d00000,0x0000001941e00000)]
  0x0000012957d4af00 JavaThread "File lock request listener" [_thread_in_native, id=6184, stack(0x0000001941e00000,0x0000001941f00000)]
  0x0000012957d4b3d0 JavaThread "Cache worker for file hash cache (C:\Users\Lenovo\.gradle\caches\8.0\fileHashes)" [_thread_blocked, id=29400, stack(0x0000001941f00000,0x0000001942000000)]
  0x0000012957d4a560 JavaThread "File watcher server" daemon [_thread_in_native, id=16008, stack(0x0000001942000000,0x0000001942100000)]
  0x0000012957d4bd70 JavaThread "File watcher consumer" daemon [_thread_blocked, id=14800, stack(0x0000001942100000,0x0000001942200000)]
  0x0000012957d4df20 JavaThread "Cache worker for checksums cache (D:\Andriod_pro\AndroidDev1\.gradle\8.0\checksums)" [_thread_blocked, id=32484, stack(0x0000001942200000,0x0000001942300000)]
  0x0000012957d4c240 JavaThread "Cache worker for cache directory md-rule (C:\Users\Lenovo\.gradle\caches\8.0\md-rule)" [_thread_blocked, id=12912, stack(0x0000001942300000,0x0000001942400000)]
  0x0000012957d49220 JavaThread "Cache worker for file content cache (C:\Users\Lenovo\.gradle\caches\8.0\fileContent)" [_thread_blocked, id=30472, stack(0x0000001942400000,0x0000001942500000)]
  0x0000012957d496f0 JavaThread "Cache worker for file hash cache (D:\Andriod_pro\AndroidDev1\.gradle\8.0\fileHashes)" [_thread_blocked, id=29868, stack(0x0000001942500000,0x0000001942600000)]
  0x0000012957d4d580 JavaThread "Cache worker for cache directory md-supplier (C:\Users\Lenovo\.gradle\caches\8.0\md-supplier)" [_thread_blocked, id=3228, stack(0x0000001942600000,0x0000001942700000)]
  0x0000012957d4e3f0 JavaThread "Cache worker for execution history cache (C:\Users\Lenovo\.gradle\caches\8.0\executionHistory)" [_thread_blocked, id=32308, stack(0x0000001942700000,0x0000001942800000)]
  0x0000012957d4da50 JavaThread "jar transforms" [_thread_blocked, id=33360, stack(0x0000001942800000,0x0000001942900000)]
  0x0000012957d4aa30 JavaThread "jar transforms Thread 2" [_thread_blocked, id=7228, stack(0x0000001942900000,0x0000001942a00000)]
  0x0000012957d4cbe0 JavaThread "jar transforms Thread 3" [_thread_blocked, id=9580, stack(0x0000001942a00000,0x0000001942b00000)]
  0x0000012957d4e8c0 JavaThread "jar transforms Thread 4" [_thread_blocked, id=30648, stack(0x0000001942b00000,0x0000001942c00000)]
  0x0000012957d47070 JavaThread "Cache worker for dependencies-accessors (D:\Andriod_pro\AndroidDev1\.gradle\8.0\dependencies-accessors)" [_thread_blocked, id=8300, stack(0x0000001942c00000,0x0000001942d00000)]
  0x0000012957d47ee0 JavaThread "jar transforms Thread 5" [_thread_blocked, id=14768, stack(0x0000001942d00000,0x0000001942e00000)]
  0x0000012957d483b0 JavaThread "Cache worker for Build Output Cleanup Cache (D:\Andriod_pro\AndroidDev1\.gradle\buildOutputCleanup)" [_thread_blocked, id=31896, stack(0x0000001942e00000,0x0000001942f00000)]
  0x0000012957d4a090 JavaThread "Unconstrained build operations" [_thread_blocked, id=24196, stack(0x0000001940700000,0x0000001940800000)]
  0x0000012957fb6c40 JavaThread "Unconstrained build operations Thread 2" [_thread_blocked, id=33784, stack(0x0000001943000000,0x0000001943100000)]
  0x0000012957fb8450 JavaThread "Unconstrained build operations Thread 3" [_thread_blocked, id=11704, stack(0x0000001943100000,0x0000001943200000)]
  0x0000012957fbc2e0 JavaThread "Unconstrained build operations Thread 4" [_thread_blocked, id=32800, stack(0x0000001943200000,0x0000001943300000)]
  0x0000012957fb8920 JavaThread "Unconstrained build operations Thread 5" [_thread_blocked, id=15852, stack(0x0000001943300000,0x0000001943400000)]
  0x0000012957fb5dd0 JavaThread "Unconstrained build operations Thread 6" [_thread_blocked, id=34568, stack(0x0000001943400000,0x0000001943500000)]
  0x0000012957fba600 JavaThread "Unconstrained build operations Thread 7" [_thread_blocked, id=14672, stack(0x0000001943500000,0x0000001943600000)]
  0x0000012957fb8df0 JavaThread "Unconstrained build operations Thread 8" [_thread_blocked, id=8216, stack(0x0000001943600000,0x0000001943700000)]
  0x0000012957fb62a0 JavaThread "Unconstrained build operations Thread 9" [_thread_blocked, id=12928, stack(0x0000001943700000,0x0000001943800000)]
  0x0000012957fbc7b0 JavaThread "Unconstrained build operations Thread 10" [_thread_blocked, id=7480, stack(0x0000001943800000,0x0000001943900000)]
  0x0000012957fbcc80 JavaThread "Unconstrained build operations Thread 11" [_thread_blocked, id=1820, stack(0x0000001943900000,0x0000001943a00000)]
  0x0000012957fbd150 JavaThread "Unconstrained build operations Thread 12" [_thread_blocked, id=18808, stack(0x0000001943a00000,0x0000001943b00000)]
  0x0000012957fb7f80 JavaThread "Unconstrained build operations Thread 13" [_thread_blocked, id=23144, stack(0x0000001943b00000,0x0000001943c00000)]
  0x0000012957fb92c0 JavaThread "Unconstrained build operations Thread 14" [_thread_blocked, id=24032, stack(0x0000001943c00000,0x0000001943d00000)]
  0x0000012957fbafa0 JavaThread "Unconstrained build operations Thread 15" [_thread_blocked, id=9688, stack(0x0000001943d00000,0x0000001943e00000)]
  0x0000012957fb6770 JavaThread "Unconstrained build operations Thread 16" [_thread_blocked, id=31708, stack(0x0000001943e00000,0x0000001943f00000)]
  0x0000012957fbd620 JavaThread "Unconstrained build operations Thread 17" [_thread_blocked, id=33532, stack(0x0000001943f00000,0x0000001944000000)]
  0x0000012957fba130 JavaThread "Unconstrained build operations Thread 18" [_thread_blocked, id=29828, stack(0x0000001944000000,0x0000001944100000)]
  0x0000012957fb75e0 JavaThread "Unconstrained build operations Thread 19" [_thread_blocked, id=20936, stack(0x0000001944100000,0x0000001944200000)]
  0x0000012957fb9790 JavaThread "Unconstrained build operations Thread 20" [_thread_blocked, id=352, stack(0x0000001944200000,0x0000001944300000)]
  0x0000012957fbb940 JavaThread "Unconstrained build operations Thread 21" [_thread_blocked, id=1396, stack(0x0000001944300000,0x0000001944400000)]
  0x0000012957fb7110 JavaThread "Unconstrained build operations Thread 22" [_thread_blocked, id=32460, stack(0x0000001944400000,0x0000001944500000)]
  0x0000012957fb7ab0 JavaThread "Unconstrained build operations Thread 23" [_thread_blocked, id=33128, stack(0x0000001944500000,0x0000001944600000)]
  0x0000012957fb9c60 JavaThread "Unconstrained build operations Thread 24" [_thread_blocked, id=32392, stack(0x0000001944600000,0x0000001944700000)]
  0x0000012957fbb470 JavaThread "Unconstrained build operations Thread 25" [_thread_blocked, id=10692, stack(0x0000001944700000,0x0000001944800000)]
  0x0000012957fbaad0 JavaThread "Unconstrained build operations Thread 26" [_thread_blocked, id=21628, stack(0x0000001944800000,0x0000001944900000)]
  0x0000012957fbbe10 JavaThread "Unconstrained build operations Thread 27" [_thread_blocked, id=1900, stack(0x0000001944900000,0x0000001944a00000)]
  0x0000012955bb39d0 JavaThread "Unconstrained build operations Thread 28" [_thread_blocked, id=34328, stack(0x0000001944a00000,0x0000001944b00000)]
  0x0000012955bb4370 JavaThread "Unconstrained build operations Thread 29" [_thread_blocked, id=13460, stack(0x0000001944b00000,0x0000001944c00000)]
  0x0000012955bae800 JavaThread "Unconstrained build operations Thread 30" [_thread_blocked, id=29108, stack(0x0000001944c00000,0x0000001944d00000)]
  0x0000012955baecd0 JavaThread "Unconstrained build operations Thread 31" [_thread_blocked, id=24668, stack(0x0000001944d00000,0x0000001944e00000)]
  0x0000012955bb4d10 JavaThread "Unconstrained build operations Thread 32" [_thread_blocked, id=19640, stack(0x0000001944e00000,0x0000001944f00000)]
  0x0000012955bb4840 JavaThread "Unconstrained build operations Thread 33" [_thread_blocked, id=8140, stack(0x0000001944f00000,0x0000001945000000)]
  0x0000012955bafb40 JavaThread "Unconstrained build operations Thread 34" [_thread_blocked, id=2908, stack(0x0000001945000000,0x0000001945100000)]
  0x0000012955bae330 JavaThread "Unconstrained build operations Thread 35" [_thread_blocked, id=24444, stack(0x0000001945100000,0x0000001945200000)]
  0x0000012955bb0e80 JavaThread "Unconstrained build operations Thread 36" [_thread_blocked, id=25732, stack(0x0000001945200000,0x0000001945300000)]
  0x0000012955baf1a0 JavaThread "Unconstrained build operations Thread 37" [_thread_blocked, id=10484, stack(0x0000001945300000,0x0000001945400000)]
  0x0000012955bb3500 JavaThread "Unconstrained build operations Thread 38" [_thread_blocked, id=19096, stack(0x0000001945400000,0x0000001945500000)]
  0x0000012955bb3ea0 JavaThread "Unconstrained build operations Thread 39" [_thread_blocked, id=33516, stack(0x0000001945500000,0x0000001945600000)]
  0x0000012955bb51e0 JavaThread "Unconstrained build operations Thread 40" [_thread_blocked, id=26088, stack(0x0000001945600000,0x0000001945700000)]
  0x0000012955bb2b60 JavaThread "Unconstrained build operations Thread 41" [_thread_blocked, id=8856, stack(0x0000001945700000,0x0000001945800000)]
  0x0000012955baf670 JavaThread "Unconstrained build operations Thread 42" [_thread_blocked, id=31132, stack(0x0000001945800000,0x0000001945900000)]
  0x0000012955bb1cf0 JavaThread "Unconstrained build operations Thread 43" [_thread_blocked, id=12612, stack(0x0000001945900000,0x0000001945a00000)]
  0x0000012955bb2690 JavaThread "Unconstrained build operations Thread 44" [_thread_blocked, id=7424, stack(0x0000001945a00000,0x0000001945b00000)]
  0x0000012955bb0010 JavaThread "Unconstrained build operations Thread 45" [_thread_blocked, id=13700, stack(0x0000001945b00000,0x0000001945c00000)]
  0x0000012955bb04e0 JavaThread "Unconstrained build operations Thread 46" [_thread_blocked, id=10976, stack(0x0000001945c00000,0x0000001945d00000)]
  0x0000012955bb56b0 JavaThread "Unconstrained build operations Thread 47" [_thread_blocked, id=24660, stack(0x0000001945d00000,0x0000001945e00000)]
  0x0000012955bb3030 JavaThread "Unconstrained build operations Thread 48" [_thread_blocked, id=25000, stack(0x0000001945e00000,0x0000001945f00000)]
  0x0000012955bb09b0 JavaThread "Unconstrained build operations Thread 49" [_thread_blocked, id=348, stack(0x0000001945f00000,0x0000001946000000)]
  0x0000012955bb5b80 JavaThread "Unconstrained build operations Thread 50" [_thread_blocked, id=22256, stack(0x0000001946000000,0x0000001946100000)]
  0x0000012955bb1350 JavaThread "Unconstrained build operations Thread 51" [_thread_blocked, id=20740, stack(0x0000001946100000,0x0000001946200000)]
  0x0000012955bb1820 JavaThread "Unconstrained build operations Thread 52" [_thread_blocked, id=20148, stack(0x0000001946200000,0x0000001946300000)]
  0x0000012955bb21c0 JavaThread "Unconstrained build operations Thread 53" [_thread_blocked, id=3576, stack(0x0000001946300000,0x0000001946400000)]
  0x00000129585d3f00 JavaThread "Unconstrained build operations Thread 54" [_thread_blocked, id=33988, stack(0x0000001946400000,0x0000001946500000)]
  0x00000129585d9f40 JavaThread "Unconstrained build operations Thread 55" [_thread_blocked, id=26344, stack(0x0000001946500000,0x0000001946600000)]
  0x00000129585d43d0 JavaThread "Unconstrained build operations Thread 56" [_thread_blocked, id=25656, stack(0x0000001946600000,0x0000001946700000)]
  0x00000129585d8c00 JavaThread "Unconstrained build operations Thread 57" [_thread_blocked, id=31004, stack(0x0000001946700000,0x0000001946800000)]
  0x00000129585d5710 JavaThread "Unconstrained build operations Thread 58" [_thread_blocked, id=31692, stack(0x0000001946800000,0x0000001946900000)]
  0x00000129585d73f0 JavaThread "Unconstrained build operations Thread 59" [_thread_blocked, id=33208, stack(0x0000001946900000,0x0000001946a00000)]
  0x00000129585d78c0 JavaThread "Unconstrained build operations Thread 60" [_thread_blocked, id=14140, stack(0x0000001946a00000,0x0000001946b00000)]
  0x00000129585da410 JavaThread "Unconstrained build operations Thread 61" [_thread_blocked, id=23084, stack(0x0000001946b00000,0x0000001946c00000)]
  0x00000129585d48a0 JavaThread "Unconstrained build operations Thread 62" [_thread_blocked, id=3744, stack(0x0000001946c00000,0x0000001946d00000)]
  0x00000129585d90d0 JavaThread "Unconstrained build operations Thread 63" [_thread_blocked, id=29136, stack(0x0000001946d00000,0x0000001946e00000)]
  0x00000129585d8260 JavaThread "Unconstrained build operations Thread 64" [_thread_blocked, id=10044, stack(0x0000001946e00000,0x0000001946f00000)]
  0x00000129585d4d70 JavaThread "Unconstrained build operations Thread 65" [_thread_blocked, id=4564, stack(0x0000001946f00000,0x0000001947000000)]
  0x00000129585da8e0 JavaThread "Unconstrained build operations Thread 66" [_thread_blocked, id=7152, stack(0x0000001947000000,0x0000001947100000)]
  0x00000129585d8730 JavaThread "Unconstrained build operations Thread 67" [_thread_blocked, id=13228, stack(0x0000001947100000,0x0000001947200000)]
  0x00000129585d7d90 JavaThread "Unconstrained build operations Thread 68" [_thread_blocked, id=23180, stack(0x0000001947200000,0x0000001947300000)]
  0x00000129585d5240 JavaThread "Unconstrained build operations Thread 69" [_thread_blocked, id=2728, stack(0x0000001947300000,0x0000001947400000)]
  0x00000129585d3560 JavaThread "Unconstrained build operations Thread 70" [_thread_blocked, id=25632, stack(0x0000001947400000,0x0000001947500000)]
  0x00000129585d5be0 JavaThread "Unconstrained build operations Thread 71" [_thread_blocked, id=33236, stack(0x0000001947500000,0x0000001947600000)]
  0x00000129585d95a0 JavaThread "Unconstrained build operations Thread 72" [_thread_blocked, id=19868, stack(0x0000001947600000,0x0000001947700000)]
  0x00000129585d6a50 JavaThread "Unconstrained build operations Thread 73" [_thread_blocked, id=33900, stack(0x0000001947700000,0x0000001947800000)]
  0x00000129585d60b0 JavaThread "Unconstrained build operations Thread 74" [_thread_blocked, id=20276, stack(0x0000001947800000,0x0000001947900000)]
  0x00000129585d9a70 JavaThread "Unconstrained build operations Thread 75" [_thread_blocked, id=23932, stack(0x0000001947900000,0x0000001947a00000)]
  0x00000129585d6f20 JavaThread "Unconstrained build operations Thread 76" [_thread_blocked, id=12788, stack(0x0000001947a00000,0x0000001947b00000)]
  0x00000129585d3a30 JavaThread "Unconstrained build operations Thread 77" [_thread_blocked, id=31388, stack(0x0000001947b00000,0x0000001947c00000)]
  0x00000129585d6580 JavaThread "Unconstrained build operations Thread 78" [_thread_blocked, id=7644, stack(0x0000001947c00000,0x0000001947d00000)]
  0x00000129585d3090 JavaThread "Unconstrained build operations Thread 79" [_thread_blocked, id=25352, stack(0x0000001947d00000,0x0000001947e00000)]
  0x000001295899fe70 JavaThread "Unconstrained build operations Thread 80" [_thread_blocked, id=30392, stack(0x0000001947e00000,0x0000001947f00000)]
  0x000001295899e190 JavaThread "Unconstrained build operations Thread 81" [_thread_blocked, id=7404, stack(0x0000001947f00000,0x0000001948000000)]
  0x000001295899f4d0 JavaThread "Unconstrained build operations Thread 82" [_thread_blocked, id=29396, stack(0x0000001948000000,0x0000001948100000)]
  0x000001295899e660 JavaThread "Unconstrained build operations Thread 83" [_thread_blocked, id=34084, stack(0x0000001948100000,0x0000001948200000)]
  0x000001295899c980 JavaThread "Unconstrained build operations Thread 84" [_thread_blocked, id=22908, stack(0x0000001948200000,0x0000001948300000)]
  0x000001295899a300 JavaThread "Unconstrained build operations Thread 85" [_thread_blocked, id=22992, stack(0x0000001948300000,0x0000001948400000)]
  0x000001295899bb10 JavaThread "Unconstrained build operations Thread 86" [_thread_blocked, id=336, stack(0x0000001948400000,0x0000001948500000)]
  0x000001295899eb30 JavaThread "Unconstrained build operations Thread 87" [_thread_blocked, id=2904, stack(0x0000001948500000,0x0000001948600000)]
  0x000001295899f000 JavaThread "Unconstrained build operations Thread 88" [_thread_blocked, id=31304, stack(0x0000001948600000,0x0000001948700000)]
  0x000001295899dcc0 JavaThread "Unconstrained build operations Thread 89" [_thread_blocked, id=15232, stack(0x0000001948700000,0x0000001948800000)]
  0x000001295899bfe0 JavaThread "Unconstrained build operations Thread 90" [_thread_blocked, id=27792, stack(0x0000001948800000,0x0000001948900000)]
  0x0000012958999e30 JavaThread "Unconstrained build operations Thread 91" [_thread_blocked, id=4088, stack(0x0000001948900000,0x0000001948a00000)]
  0x000001295899b170 JavaThread "Unconstrained build operations Thread 92" [_thread_blocked, id=33064, stack(0x0000001948a00000,0x0000001948b00000)]
  0x000001295899c4b0 JavaThread "Unconstrained build operations Thread 93" [_thread_blocked, id=29948, stack(0x0000001948b00000,0x0000001948c00000)]
  0x000001295899ce50 JavaThread "Unconstrained build operations Thread 94" [_thread_blocked, id=26160, stack(0x0000001948c00000,0x0000001948d00000)]
  0x000001295899d320 JavaThread "Unconstrained build operations Thread 95" [_thread_blocked, id=17992, stack(0x0000001948d00000,0x0000001948e00000)]
  0x000001295899d7f0 JavaThread "Unconstrained build operations Thread 96" [_thread_blocked, id=27152, stack(0x0000001948e00000,0x0000001948f00000)]
  0x0000012958998fc0 JavaThread "Unconstrained build operations Thread 97" [_thread_blocked, id=26804, stack(0x0000001948f00000,0x0000001949000000)]
  0x000001295899b640 JavaThread "Unconstrained build operations Thread 98" [_thread_blocked, id=30264, stack(0x0000001949000000,0x0000001949100000)]
  0x000001295899f9a0 JavaThread "Unconstrained build operations Thread 99" [_thread_blocked, id=25300, stack(0x0000001949100000,0x0000001949200000)]
  0x000001295899a7d0 JavaThread "Unconstrained build operations Thread 100" [_thread_blocked, id=24312, stack(0x0000001949200000,0x0000001949300000)]
  0x00000129589a0340 JavaThread "Unconstrained build operations Thread 101" [_thread_blocked, id=32812, stack(0x0000001949300000,0x0000001949400000)]
  0x00000129589a0810 JavaThread "Unconstrained build operations Thread 102" [_thread_blocked, id=4436, stack(0x0000001949400000,0x0000001949500000)]
  0x0000012958999490 JavaThread "Unconstrained build operations Thread 103" [_thread_blocked, id=27620, stack(0x0000001949500000,0x0000001949600000)]
  0x0000012958999960 JavaThread "Unconstrained build operations Thread 104" [_thread_blocked, id=24792, stack(0x0000001949600000,0x0000001949700000)]
  0x000001295ae19270 JavaThread "Unconstrained build operations Thread 105" [_thread_blocked, id=25980, stack(0x0000001949700000,0x0000001949800000)]
  0x000001295ae17a60 JavaThread "Unconstrained build operations Thread 106" [_thread_blocked, id=2760, stack(0x0000001949800000,0x0000001949900000)]
  0x000001295ae123c0 JavaThread "Unconstrained build operations Thread 107" [_thread_blocked, id=8188, stack(0x0000001949900000,0x0000001949a00000)]
  0x000001295ae14a40 JavaThread "Unconstrained build operations Thread 108" [_thread_blocked, id=30040, stack(0x0000001949a00000,0x0000001949b00000)]
  0x000001295ae14f10 JavaThread "Unconstrained build operations Thread 109" [_thread_blocked, id=25336, stack(0x0000001949b00000,0x0000001949c00000)]
  0x000001295ae17f30 JavaThread "Unconstrained build operations Thread 110" [_thread_blocked, id=14732, stack(0x0000001949c00000,0x0000001949d00000)]
  0x000001295ae18400 JavaThread "Unconstrained build operations Thread 111" [_thread_blocked, id=11792, stack(0x0000001949d00000,0x0000001949e00000)]
  0x000001295ae153e0 JavaThread "Unconstrained build operations Thread 112" [_thread_blocked, id=8500, stack(0x0000001949e00000,0x0000001949f00000)]
  0x000001295ae158b0 JavaThread "Unconstrained build operations Thread 113" [_thread_blocked, id=23068, stack(0x0000001949f00000,0x000000194a000000)]
  0x000001295ae15d80 JavaThread "Unconstrained build operations Thread 114" [_thread_blocked, id=30452, stack(0x000000194a000000,0x000000194a100000)]
  0x000001295ae13230 JavaThread "Unconstrained build operations Thread 115" [_thread_blocked, id=26140, stack(0x000000194a100000,0x000000194a200000)]
  0x000001295ae18da0 JavaThread "Unconstrained build operations Thread 116" [_thread_blocked, id=13952, stack(0x000000194a200000,0x000000194a300000)]
  0x000001295ae188d0 JavaThread "Unconstrained build operations Thread 117" [_thread_blocked, id=2652, stack(0x000000194a300000,0x000000194a400000)]
  0x000001295ae19740 JavaThread "Unconstrained build operations Thread 118" [_thread_blocked, id=25984, stack(0x000000194a400000,0x000000194a500000)]
  0x000001295ae17590 JavaThread "Unconstrained build operations Thread 119" [_thread_blocked, id=29752, stack(0x000000194a500000,0x000000194a600000)]
  0x000001295ae13700 JavaThread "Unconstrained build operations Thread 120" [_thread_blocked, id=27172, stack(0x000000194a600000,0x000000194a700000)]
  0x000001295ae13bd0 JavaThread "Unconstrained build operations Thread 121" [_thread_blocked, id=32840, stack(0x000000194a700000,0x000000194a800000)]
  0x000001295ae19c10 JavaThread "Unconstrained build operations Thread 122" [_thread_blocked, id=10500, stack(0x000000194a800000,0x000000194a900000)]
  0x000001295ae12890 JavaThread "Unconstrained build operations Thread 123" [_thread_blocked, id=31032, stack(0x000000194a900000,0x000000194aa00000)]
  0x000001295ae16250 JavaThread "jar transforms Thread 6" [_thread_blocked, id=26800, stack(0x000000194aa00000,0x000000194ab00000)]
  0x000001295ae140a0 JavaThread "jar transforms Thread 7" [_thread_blocked, id=18240, stack(0x000000194ab00000,0x000000194ac00000)]
  0x000001295ae14570 JavaThread "jar transforms Thread 8" [_thread_blocked, id=12228, stack(0x000000194ac00000,0x000000194ad00000)]
  0x000001295ae12d60 JavaThread "jar transforms Thread 9" [_thread_blocked, id=33688, stack(0x000000194ad00000,0x000000194ae00000)]
  0x000001295ae16720 JavaThread "jar transforms Thread 10" [_thread_blocked, id=28388, stack(0x000000194ae00000,0x000000194af00000)]
  0x000001295ae16bf0 JavaThread "jar transforms Thread 11" [_thread_blocked, id=31800, stack(0x000000194af00000,0x000000194b000000)]
  0x000001295ae170c0 JavaThread "jar transforms Thread 12" [_thread_blocked, id=7984, stack(0x000000194b000000,0x000000194b100000)]
  0x000001295899aca0 JavaThread "jar transforms Thread 13" [_thread_blocked, id=26660, stack(0x000000194b100000,0x000000194b200000)]
  0x000001295b2744f0 JavaThread "jar transforms Thread 14" [_thread_blocked, id=2668, stack(0x000000194b200000,0x000000194b300000)]
  0x000001295b275360 JavaThread "jar transforms Thread 15" [_thread_blocked, id=28004, stack(0x000000194b300000,0x000000194b400000)]
  0x000001295b277510 JavaThread "jar transforms Thread 16" [_thread_blocked, id=25848, stack(0x000000194b400000,0x000000194b500000)]
=>0x000001295a190dd0 JavaThread "C2 CompilerThread1" daemon [_thread_in_native, id=15456, stack(0x000000194b500000,0x000000194b600000)]
  0x00000129568ac400 JavaThread "C2 CompilerThread2" daemon [_thread_in_native, id=11104, stack(0x000000194b600000,0x000000194b700000)]
  0x000001295b2749c0 JavaThread "build event listener" [_thread_blocked, id=22676, stack(0x000000194b700000,0x000000194b800000)]
  0x000001295b272810 JavaThread "Memory manager" [_thread_blocked, id=3104, stack(0x000000194b800000,0x000000194b900000)]

Other Threads:
  0x0000012954f5a110 VMThread "VM Thread" [stack: 0x000000193f400000,0x000000193f500000] [id=29380]
  0x0000012955a20bb0 WatcherThread [stack: 0x0000001940100000,0x0000001940200000] [id=13076]
  0x000001293867f210 GCTaskThread "GC Thread#0" [stack: 0x000000193ef00000,0x000000193f000000] [id=23752]
  0x0000012956c55d10 GCTaskThread "GC Thread#1" [stack: 0x0000001940300000,0x0000001940400000] [id=25504]
  0x0000012956708d60 GCTaskThread "GC Thread#2" [stack: 0x0000001940400000,0x0000001940500000] [id=30060]
  0x000001295672ad00 GCTaskThread "GC Thread#3" [stack: 0x0000001940500000,0x0000001940600000] [id=33180]
  0x00000129566bd730 GCTaskThread "GC Thread#4" [stack: 0x0000001940600000,0x0000001940700000] [id=7236]
  0x0000012957f27320 GCTaskThread "GC Thread#5" [stack: 0x0000001941300000,0x0000001941400000] [id=3840]
  0x0000012957eea7c0 GCTaskThread "GC Thread#6" [stack: 0x0000001941400000,0x0000001941500000] [id=18880]
  0x00000129571c0730 GCTaskThread "GC Thread#7" [stack: 0x0000001941500000,0x0000001941600000] [id=20788]
  0x0000012957df90d0 GCTaskThread "GC Thread#8" [stack: 0x0000001941600000,0x0000001941700000] [id=11732]
  0x0000012957e22b90 GCTaskThread "GC Thread#9" [stack: 0x0000001941700000,0x0000001941800000] [id=30180]
  0x0000012957f378d0 GCTaskThread "GC Thread#10" [stack: 0x0000001941800000,0x0000001941900000] [id=14900]
  0x0000012957f38640 GCTaskThread "GC Thread#11" [stack: 0x0000001941900000,0x0000001941a00000] [id=15108]
  0x0000012957f38ba0 GCTaskThread "GC Thread#12" [stack: 0x0000001941a00000,0x0000001941b00000] [id=18596]
  0x0000012938690060 ConcurrentGCThread "G1 Main Marker" [stack: 0x000000193f000000,0x000000193f100000] [id=28904]
  0x0000012938691120 ConcurrentGCThread "G1 Conc#0" [stack: 0x000000193f100000,0x000000193f200000] [id=34572]
  0x0000012957f37620 ConcurrentGCThread "G1 Conc#1" [stack: 0x0000001941b00000,0x0000001941c00000] [id=30096]
  0x0000012957f38e50 ConcurrentGCThread "G1 Conc#2" [stack: 0x0000001941c00000,0x0000001941d00000] [id=12904]
  0x00000129386eea40 ConcurrentGCThread "G1 Refine#0" [stack: 0x000000193f200000,0x000000193f300000] [id=18644]
  0x0000012954df3570 ConcurrentGCThread "G1 Service" [stack: 0x000000193f300000,0x000000193f400000] [id=7112]

Threads with active compile tasks:
C2 CompilerThread0    10907 9342 %     4       org.gradle.internal.instantiation.generator.AbstractClassGenerator::inspectType @ 207 (560 bytes)
C2 CompilerThread1    10907 9377   !   4       com.sun.beans.TypeResolver::resolve (261 bytes)
C2 CompilerThread2    10907 9375       4       java.beans.MethodRef::set (58 bytes)

VM state: not at safepoint (normal execution)

VM Mutex/Monitor currently owned by a thread: None

Heap address: 0x0000000080000000, size: 2048 MB, Compressed Oops mode: 32-bit

CDS archive(s) not mapped
Compressed class space mapped at: 0x0000000100000000-0x0000000140000000, reserved size: 1073741824
Narrow klass base: 0x0000000000000000, Narrow klass shift: 3, Narrow klass range: 0x140000000

GC Precious Log:
 CPUs: 16 total, 16 available
 Memory: 14198M
 Large Page Support: Disabled
 NUMA Support: Disabled
 Compressed Oops: Enabled (32-bit)
 Heap Region Size: 1M
 Heap Min Capacity: 8M
 Heap Initial Capacity: 222M
 Heap Max Capacity: 2G
 Pre-touch: Disabled
 Parallel Workers: 13
 Concurrent Workers: 3
 Concurrent Refinement Workers: 13
 Periodic GC: Disabled

Heap:
 garbage-first heap   total 197632K, used 115098K [0x0000000080000000, 0x0000000100000000)
  region size 1024K, 56 young (57344K), 3 survivors (3072K)
 Metaspace       used 85994K, committed 86528K, reserved 1130496K
  class space    used 11597K, committed 11840K, reserved 1048576K

Heap Regions: E=young(eden), S=young(survivor), O=old, HS=humongous(starts), HC=humongous(continues), CS=collection set, F=free, OA=open archive, CA=closed archive, TAMS=top-at-mark-start (previous, next)
|   0|0x0000000080000000, 0x0000000080100000, 0x0000000080100000|100%|HS|  |TAMS 0x0000000080100000, 0x0000000080000000| Complete 
|   1|0x0000000080100000, 0x0000000080200000, 0x0000000080200000|100%|HC|  |TAMS 0x0000000080200000, 0x0000000080100000| Complete 
|   2|0x0000000080200000, 0x0000000080300000, 0x0000000080300000|100%|HC|  |TAMS 0x0000000080300000, 0x0000000080200000| Complete 
|   3|0x0000000080300000, 0x0000000080400000, 0x0000000080400000|100%|HC|  |TAMS 0x0000000080400000, 0x0000000080300000| Complete 
|   4|0x0000000080400000, 0x0000000080500000, 0x0000000080500000|100%| O|  |TAMS 0x0000000080500000, 0x0000000080400000| Untracked 
|   5|0x0000000080500000, 0x0000000080600000, 0x0000000080600000|100%| O|  |TAMS 0x0000000080600000, 0x0000000080500000| Untracked 
|   6|0x0000000080600000, 0x0000000080700000, 0x0000000080700000|100%| O|  |TAMS 0x0000000080700000, 0x0000000080600000| Untracked 
|   7|0x0000000080700000, 0x0000000080800000, 0x0000000080800000|100%| O|  |TAMS 0x0000000080800000, 0x0000000080700000| Untracked 
|   8|0x0000000080800000, 0x0000000080900000, 0x0000000080900000|100%| O|  |TAMS 0x0000000080900000, 0x0000000080800000| Untracked 
|   9|0x0000000080900000, 0x0000000080a00000, 0x0000000080a00000|100%| O|  |TAMS 0x0000000080a00000, 0x0000000080900000| Untracked 
|  10|0x0000000080a00000, 0x0000000080b00000, 0x0000000080b00000|100%| O|  |TAMS 0x0000000080b00000, 0x0000000080a00000| Untracked 
|  11|0x0000000080b00000, 0x0000000080c00000, 0x0000000080c00000|100%| O|  |TAMS 0x0000000080c00000, 0x0000000080b00000| Untracked 
|  12|0x0000000080c00000, 0x0000000080d00000, 0x0000000080d00000|100%| O|  |TAMS 0x0000000080d00000, 0x0000000080c00000| Untracked 
|  13|0x0000000080d00000, 0x0000000080e00000, 0x0000000080e00000|100%| O|  |TAMS 0x0000000080e00000, 0x0000000080d00000| Untracked 
|  14|0x0000000080e00000, 0x0000000080f00000, 0x0000000080f00000|100%| O|  |TAMS 0x0000000080f00000, 0x0000000080e00000| Untracked 
|  15|0x0000000080f00000, 0x0000000081000000, 0x0000000081000000|100%| O|  |TAMS 0x0000000081000000, 0x0000000080f00000| Untracked 
|  16|0x0000000081000000, 0x0000000081100000, 0x0000000081100000|100%| O|  |TAMS 0x0000000081100000, 0x0000000081000000| Untracked 
|  17|0x0000000081100000, 0x0000000081200000, 0x0000000081200000|100%| O|  |TAMS 0x0000000081200000, 0x0000000081100000| Untracked 
|  18|0x0000000081200000, 0x0000000081300000, 0x0000000081300000|100%| O|  |TAMS 0x0000000081300000, 0x0000000081200000| Untracked 
|  19|0x0000000081300000, 0x0000000081400000, 0x0000000081400000|100%| O|  |TAMS 0x0000000081400000, 0x0000000081300000| Untracked 
|  20|0x0000000081400000, 0x0000000081500000, 0x0000000081500000|100%| O|  |TAMS 0x0000000081500000, 0x0000000081400000| Untracked 
|  21|0x0000000081500000, 0x0000000081600000, 0x0000000081600000|100%| O|  |TAMS 0x0000000081600000, 0x0000000081500000| Untracked 
|  22|0x0000000081600000, 0x0000000081700000, 0x0000000081700000|100%| O|  |TAMS 0x0000000081700000, 0x0000000081600000| Untracked 
|  23|0x0000000081700000, 0x0000000081800000, 0x0000000081800000|100%| O|  |TAMS 0x0000000081800000, 0x0000000081700000| Untracked 
|  24|0x0000000081800000, 0x0000000081900000, 0x0000000081900000|100%| O|  |TAMS 0x0000000081900000, 0x0000000081800000| Untracked 
|  25|0x0000000081900000, 0x0000000081a00000, 0x0000000081a00000|100%| O|  |TAMS 0x0000000081a00000, 0x0000000081900000| Untracked 
|  26|0x0000000081a00000, 0x0000000081b00000, 0x0000000081b00000|100%| O|  |TAMS 0x0000000081b00000, 0x0000000081a00000| Untracked 
|  27|0x0000000081b00000, 0x0000000081c00000, 0x0000000081c00000|100%| O|  |TAMS 0x0000000081c00000, 0x0000000081b00000| Untracked 
|  28|0x0000000081c00000, 0x0000000081d00000, 0x0000000081d00000|100%| O|  |TAMS 0x0000000081d00000, 0x0000000081c00000| Untracked 
|  29|0x0000000081d00000, 0x0000000081e00000, 0x0000000081e00000|100%| O|  |TAMS 0x0000000081e00000, 0x0000000081d00000| Untracked 
|  30|0x0000000081e00000, 0x0000000081f00000, 0x0000000081f00000|100%| O|  |TAMS 0x0000000081f00000, 0x0000000081e00000| Untracked 
|  31|0x0000000081f00000, 0x0000000082000000, 0x0000000082000000|100%| O|  |TAMS 0x0000000082000000, 0x0000000081f00000| Untracked 
|  32|0x0000000082000000, 0x0000000082100000, 0x0000000082100000|100%| O|  |TAMS 0x0000000082100000, 0x0000000082000000| Untracked 
|  33|0x0000000082100000, 0x0000000082200000, 0x0000000082200000|100%| O|  |TAMS 0x0000000082200000, 0x0000000082100000| Untracked 
|  34|0x0000000082200000, 0x0000000082300000, 0x0000000082300000|100%| O|  |TAMS 0x0000000082300000, 0x0000000082200000| Untracked 
|  35|0x0000000082300000, 0x0000000082400000, 0x0000000082400000|100%| O|  |TAMS 0x0000000082400000, 0x0000000082300000| Untracked 
|  36|0x0000000082400000, 0x0000000082500000, 0x0000000082500000|100%| O|  |TAMS 0x0000000082500000, 0x0000000082400000| Untracked 
|  37|0x0000000082500000, 0x0000000082600000, 0x0000000082600000|100%| O|  |TAMS 0x0000000082600000, 0x0000000082500000| Untracked 
|  38|0x0000000082600000, 0x0000000082700000, 0x0000000082700000|100%| O|  |TAMS 0x0000000082700000, 0x0000000082600000| Untracked 
|  39|0x0000000082700000, 0x0000000082800000, 0x0000000082800000|100%| O|  |TAMS 0x0000000082800000, 0x0000000082700000| Untracked 
|  40|0x0000000082800000, 0x0000000082900000, 0x0000000082900000|100%|HS|  |TAMS 0x0000000082900000, 0x0000000082800000| Complete 
|  41|0x0000000082900000, 0x0000000082a00000, 0x0000000082a00000|100%|HS|  |TAMS 0x0000000082a00000, 0x0000000082900000| Complete 
|  42|0x0000000082a00000, 0x0000000082b00000, 0x0000000082b00000|100%| O|  |TAMS 0x0000000082b00000, 0x0000000082a00000| Untracked 
|  43|0x0000000082b00000, 0x0000000082c00000, 0x0000000082c00000|100%| O|  |TAMS 0x0000000082c00000, 0x0000000082b00000| Untracked 
|  44|0x0000000082c00000, 0x0000000082c00000, 0x0000000082d00000|  0%| F|  |TAMS 0x0000000082c00000, 0x0000000082c00000| Untracked 
|  45|0x0000000082d00000, 0x0000000082e00000, 0x0000000082e00000|100%| O|  |TAMS 0x0000000082e00000, 0x0000000082d00000| Untracked 
|  46|0x0000000082e00000, 0x0000000082f00000, 0x0000000082f00000|100%| O|  |TAMS 0x0000000082f00000, 0x0000000082e00000| Untracked 
|  47|0x0000000082f00000, 0x0000000083000000, 0x0000000083000000|100%| O|  |TAMS 0x0000000082f00000, 0x0000000082f00000| Untracked 
|  48|0x0000000083000000, 0x0000000083100000, 0x0000000083100000|100%| O|  |TAMS 0x0000000083100000, 0x0000000083000000| Untracked 
|  49|0x0000000083100000, 0x0000000083200000, 0x0000000083200000|100%| O|  |TAMS 0x0000000083200000, 0x0000000083100000| Untracked 
|  50|0x0000000083200000, 0x0000000083300000, 0x0000000083300000|100%| O|  |TAMS 0x0000000083300000, 0x0000000083200000| Untracked 
|  51|0x0000000083300000, 0x0000000083400000, 0x0000000083400000|100%| O|  |TAMS 0x0000000083400000, 0x0000000083300000| Untracked 
|  52|0x0000000083400000, 0x0000000083500000, 0x0000000083500000|100%| O|  |TAMS 0x0000000083500000, 0x0000000083400000| Untracked 
|  53|0x0000000083500000, 0x0000000083600000, 0x0000000083600000|100%| O|  |TAMS 0x0000000083600000, 0x0000000083500000| Untracked 
|  54|0x0000000083600000, 0x0000000083700000, 0x0000000083700000|100%| O|  |TAMS 0x0000000083700000, 0x0000000083600000| Untracked 
|  55|0x0000000083700000, 0x0000000083800000, 0x0000000083800000|100%| O|  |TAMS 0x0000000083748c00, 0x0000000083700000| Untracked 
|  56|0x0000000083800000, 0x0000000083900000, 0x0000000083900000|100%| O|  |TAMS 0x0000000083800000, 0x0000000083800000| Untracked 
|  57|0x0000000083900000, 0x0000000083a00000, 0x0000000083a00000|100%| O|  |TAMS 0x0000000083900000, 0x0000000083900000| Untracked 
|  58|0x0000000083a00000, 0x0000000083b00000, 0x0000000083b00000|100%| O|  |TAMS 0x0000000083a00000, 0x0000000083a00000| Untracked 
|  59|0x0000000083b00000, 0x0000000083b32c00, 0x0000000083c00000| 19%| O|  |TAMS 0x0000000083b00000, 0x0000000083b00000| Untracked 
|  60|0x0000000083c00000, 0x0000000083c00000, 0x0000000083d00000|  0%| F|  |TAMS 0x0000000083c00000, 0x0000000083c00000| Untracked 
|  61|0x0000000083d00000, 0x0000000083d00000, 0x0000000083e00000|  0%| F|  |TAMS 0x0000000083d00000, 0x0000000083d00000| Untracked 
|  62|0x0000000083e00000, 0x0000000083e00000, 0x0000000083f00000|  0%| F|  |TAMS 0x0000000083e00000, 0x0000000083e00000| Untracked 
|  63|0x0000000083f00000, 0x0000000083f00000, 0x0000000084000000|  0%| F|  |TAMS 0x0000000083f00000, 0x0000000083f00000| Untracked 
|  64|0x0000000084000000, 0x0000000084000000, 0x0000000084100000|  0%| F|  |TAMS 0x0000000084000000, 0x0000000084000000| Untracked 
|  65|0x0000000084100000, 0x0000000084100000, 0x0000000084200000|  0%| F|  |TAMS 0x0000000084100000, 0x0000000084100000| Untracked 
|  66|0x0000000084200000, 0x0000000084200000, 0x0000000084300000|  0%| F|  |TAMS 0x0000000084200000, 0x0000000084200000| Untracked 
|  67|0x0000000084300000, 0x0000000084300000, 0x0000000084400000|  0%| F|  |TAMS 0x0000000084300000, 0x0000000084300000| Untracked 
|  68|0x0000000084400000, 0x0000000084400000, 0x0000000084500000|  0%| F|  |TAMS 0x0000000084400000, 0x0000000084400000| Untracked 
|  69|0x0000000084500000, 0x0000000084500000, 0x0000000084600000|  0%| F|  |TAMS 0x0000000084500000, 0x0000000084500000| Untracked 
|  70|0x0000000084600000, 0x0000000084600000, 0x0000000084700000|  0%| F|  |TAMS 0x0000000084600000, 0x0000000084600000| Untracked 
|  71|0x0000000084700000, 0x0000000084700000, 0x0000000084800000|  0%| F|  |TAMS 0x0000000084700000, 0x0000000084700000| Untracked 
|  72|0x0000000084800000, 0x0000000084800000, 0x0000000084900000|  0%| F|  |TAMS 0x0000000084800000, 0x0000000084800000| Untracked 
|  73|0x0000000084900000, 0x0000000084900000, 0x0000000084a00000|  0%| F|  |TAMS 0x0000000084900000, 0x0000000084900000| Untracked 
|  74|0x0000000084a00000, 0x0000000084a00000, 0x0000000084b00000|  0%| F|  |TAMS 0x0000000084a00000, 0x0000000084a00000| Untracked 
|  75|0x0000000084b00000, 0x0000000084b00000, 0x0000000084c00000|  0%| F|  |TAMS 0x0000000084b00000, 0x0000000084b00000| Untracked 
|  76|0x0000000084c00000, 0x0000000084c00000, 0x0000000084d00000|  0%| F|  |TAMS 0x0000000084c00000, 0x0000000084c00000| Untracked 
|  77|0x0000000084d00000, 0x0000000084d00000, 0x0000000084e00000|  0%| F|  |TAMS 0x0000000084d00000, 0x0000000084d00000| Untracked 
|  78|0x0000000084e00000, 0x0000000084e00000, 0x0000000084f00000|  0%| F|  |TAMS 0x0000000084e00000, 0x0000000084e00000| Untracked 
|  79|0x0000000084f00000, 0x0000000084f00000, 0x0000000085000000|  0%| F|  |TAMS 0x0000000084f00000, 0x0000000084f00000| Untracked 
|  80|0x0000000085000000, 0x0000000085000000, 0x0000000085100000|  0%| F|  |TAMS 0x0000000085000000, 0x0000000085000000| Untracked 
|  81|0x0000000085100000, 0x0000000085100000, 0x0000000085200000|  0%| F|  |TAMS 0x0000000085100000, 0x0000000085100000| Untracked 
|  82|0x0000000085200000, 0x0000000085233d80, 0x0000000085300000| 20%| S|CS|TAMS 0x0000000085200000, 0x0000000085200000| Complete 
|  83|0x0000000085300000, 0x0000000085400000, 0x0000000085400000|100%| S|CS|TAMS 0x0000000085300000, 0x0000000085300000| Complete 
|  84|0x0000000085400000, 0x0000000085500000, 0x0000000085500000|100%| S|CS|TAMS 0x0000000085400000, 0x0000000085400000| Complete 
|  85|0x0000000085500000, 0x0000000085500000, 0x0000000085600000|  0%| F|  |TAMS 0x0000000085500000, 0x0000000085500000| Untracked 
|  86|0x0000000085600000, 0x0000000085600000, 0x0000000085700000|  0%| F|  |TAMS 0x0000000085600000, 0x0000000085600000| Untracked 
|  87|0x0000000085700000, 0x0000000085700000, 0x0000000085800000|  0%| F|  |TAMS 0x0000000085700000, 0x0000000085700000| Untracked 
|  88|0x0000000085800000, 0x0000000085800000, 0x0000000085900000|  0%| F|  |TAMS 0x0000000085800000, 0x0000000085800000| Untracked 
|  89|0x0000000085900000, 0x0000000085900000, 0x0000000085a00000|  0%| F|  |TAMS 0x0000000085900000, 0x0000000085900000| Untracked 
|  90|0x0000000085a00000, 0x0000000085a00000, 0x0000000085b00000|  0%| F|  |TAMS 0x0000000085a00000, 0x0000000085a00000| Untracked 
|  91|0x0000000085b00000, 0x0000000085b00000, 0x0000000085c00000|  0%| F|  |TAMS 0x0000000085b00000, 0x0000000085b00000| Untracked 
|  92|0x0000000085c00000, 0x0000000085c00000, 0x0000000085d00000|  0%| F|  |TAMS 0x0000000085c00000, 0x0000000085c00000| Untracked 
|  93|0x0000000085d00000, 0x0000000085d00000, 0x0000000085e00000|  0%| F|  |TAMS 0x0000000085d00000, 0x0000000085d00000| Untracked 
|  94|0x0000000085e00000, 0x0000000085e00000, 0x0000000085f00000|  0%| F|  |TAMS 0x0000000085e00000, 0x0000000085e00000| Untracked 
|  95|0x0000000085f00000, 0x0000000085f00000, 0x0000000086000000|  0%| F|  |TAMS 0x0000000085f00000, 0x0000000085f00000| Untracked 
|  96|0x0000000086000000, 0x0000000086000000, 0x0000000086100000|  0%| F|  |TAMS 0x0000000086000000, 0x0000000086000000| Untracked 
|  97|0x0000000086100000, 0x0000000086100000, 0x0000000086200000|  0%| F|  |TAMS 0x0000000086100000, 0x0000000086100000| Untracked 
|  98|0x0000000086200000, 0x0000000086200000, 0x0000000086300000|  0%| F|  |TAMS 0x0000000086200000, 0x0000000086200000| Untracked 
|  99|0x0000000086300000, 0x0000000086300000, 0x0000000086400000|  0%| F|  |TAMS 0x0000000086300000, 0x0000000086300000| Untracked 
| 100|0x0000000086400000, 0x0000000086400000, 0x0000000086500000|  0%| F|  |TAMS 0x0000000086400000, 0x0000000086400000| Untracked 
| 101|0x0000000086500000, 0x0000000086500000, 0x0000000086600000|  0%| F|  |TAMS 0x0000000086500000, 0x0000000086500000| Untracked 
| 102|0x0000000086600000, 0x0000000086600000, 0x0000000086700000|  0%| F|  |TAMS 0x0000000086600000, 0x0000000086600000| Untracked 
| 103|0x0000000086700000, 0x0000000086700000, 0x0000000086800000|  0%| F|  |TAMS 0x0000000086700000, 0x0000000086700000| Untracked 
| 104|0x0000000086800000, 0x0000000086800000, 0x0000000086900000|  0%| F|  |TAMS 0x0000000086800000, 0x0000000086800000| Untracked 
| 105|0x0000000086900000, 0x0000000086900000, 0x0000000086a00000|  0%| F|  |TAMS 0x0000000086900000, 0x0000000086900000| Untracked 
| 106|0x0000000086a00000, 0x0000000086a00000, 0x0000000086b00000|  0%| F|  |TAMS 0x0000000086a00000, 0x0000000086a00000| Untracked 
| 107|0x0000000086b00000, 0x0000000086b00000, 0x0000000086c00000|  0%| F|  |TAMS 0x0000000086b00000, 0x0000000086b00000| Untracked 
| 108|0x0000000086c00000, 0x0000000086c00000, 0x0000000086d00000|  0%| F|  |TAMS 0x0000000086c00000, 0x0000000086c00000| Untracked 
| 109|0x0000000086d00000, 0x0000000086d00000, 0x0000000086e00000|  0%| F|  |TAMS 0x0000000086d00000, 0x0000000086d00000| Untracked 
| 110|0x0000000086e00000, 0x0000000086e00000, 0x0000000086f00000|  0%| F|  |TAMS 0x0000000086e00000, 0x0000000086e00000| Untracked 
| 111|0x0000000086f00000, 0x0000000086f00000, 0x0000000087000000|  0%| F|  |TAMS 0x0000000086f00000, 0x0000000086f00000| Untracked 
| 112|0x0000000087000000, 0x0000000087000000, 0x0000000087100000|  0%| F|  |TAMS 0x0000000087000000, 0x0000000087000000| Untracked 
| 113|0x0000000087100000, 0x0000000087100000, 0x0000000087200000|  0%| F|  |TAMS 0x0000000087100000, 0x0000000087100000| Untracked 
| 114|0x0000000087200000, 0x0000000087200000, 0x0000000087300000|  0%| F|  |TAMS 0x0000000087200000, 0x0000000087200000| Untracked 
| 115|0x0000000087300000, 0x0000000087300000, 0x0000000087400000|  0%| F|  |TAMS 0x0000000087300000, 0x0000000087300000| Untracked 
| 116|0x0000000087400000, 0x0000000087400000, 0x0000000087500000|  0%| F|  |TAMS 0x0000000087400000, 0x0000000087400000| Untracked 
| 117|0x0000000087500000, 0x0000000087500000, 0x0000000087600000|  0%| F|  |TAMS 0x0000000087500000, 0x0000000087500000| Untracked 
| 118|0x0000000087600000, 0x0000000087600000, 0x0000000087700000|  0%| F|  |TAMS 0x0000000087600000, 0x0000000087600000| Untracked 
| 119|0x0000000087700000, 0x0000000087700000, 0x0000000087800000|  0%| F|  |TAMS 0x0000000087700000, 0x0000000087700000| Untracked 
| 120|0x0000000087800000, 0x0000000087800000, 0x0000000087900000|  0%| F|  |TAMS 0x0000000087800000, 0x0000000087800000| Untracked 
| 121|0x0000000087900000, 0x0000000087900000, 0x0000000087a00000|  0%| F|  |TAMS 0x0000000087900000, 0x0000000087900000| Untracked 
| 122|0x0000000087a00000, 0x0000000087a00000, 0x0000000087b00000|  0%| F|  |TAMS 0x0000000087a00000, 0x0000000087a00000| Untracked 
| 123|0x0000000087b00000, 0x0000000087b00000, 0x0000000087c00000|  0%| F|  |TAMS 0x0000000087b00000, 0x0000000087b00000| Untracked 
| 124|0x0000000087c00000, 0x0000000087c00000, 0x0000000087d00000|  0%| F|  |TAMS 0x0000000087c00000, 0x0000000087c00000| Untracked 
| 125|0x0000000087d00000, 0x0000000087d00000, 0x0000000087e00000|  0%| F|  |TAMS 0x0000000087d00000, 0x0000000087d00000| Untracked 
| 126|0x0000000087e00000, 0x0000000087e00000, 0x0000000087f00000|  0%| F|  |TAMS 0x0000000087e00000, 0x0000000087e00000| Untracked 
| 127|0x0000000087f00000, 0x0000000087f00000, 0x0000000088000000|  0%| F|  |TAMS 0x0000000087f00000, 0x0000000087f00000| Untracked 
| 128|0x0000000088000000, 0x0000000088000000, 0x0000000088100000|  0%| F|  |TAMS 0x0000000088000000, 0x0000000088000000| Untracked 
| 129|0x0000000088100000, 0x0000000088100000, 0x0000000088200000|  0%| F|  |TAMS 0x0000000088100000, 0x0000000088100000| Untracked 
| 130|0x0000000088200000, 0x0000000088200000, 0x0000000088300000|  0%| F|  |TAMS 0x0000000088200000, 0x0000000088200000| Untracked 
| 131|0x0000000088300000, 0x0000000088300000, 0x0000000088400000|  0%| F|  |TAMS 0x0000000088300000, 0x0000000088300000| Untracked 
| 132|0x0000000088400000, 0x0000000088400000, 0x0000000088500000|  0%| F|  |TAMS 0x0000000088400000, 0x0000000088400000| Untracked 
| 133|0x0000000088500000, 0x0000000088500000, 0x0000000088600000|  0%| F|  |TAMS 0x0000000088500000, 0x0000000088500000| Untracked 
| 134|0x0000000088600000, 0x0000000088600000, 0x0000000088700000|  0%| F|  |TAMS 0x0000000088600000, 0x0000000088600000| Untracked 
| 135|0x0000000088700000, 0x0000000088700000, 0x0000000088800000|  0%| F|  |TAMS 0x0000000088700000, 0x0000000088700000| Untracked 
| 136|0x0000000088800000, 0x0000000088800000, 0x0000000088900000|  0%| F|  |TAMS 0x0000000088800000, 0x0000000088800000| Untracked 
| 137|0x0000000088900000, 0x0000000088900000, 0x0000000088a00000|  0%| F|  |TAMS 0x0000000088900000, 0x0000000088900000| Untracked 
| 138|0x0000000088a00000, 0x0000000088a00000, 0x0000000088b00000|  0%| F|  |TAMS 0x0000000088a00000, 0x0000000088a00000| Untracked 
| 139|0x0000000088b00000, 0x0000000088b00000, 0x0000000088c00000|  0%| F|  |TAMS 0x0000000088b00000, 0x0000000088b00000| Untracked 
| 140|0x0000000088c00000, 0x0000000088c80800, 0x0000000088d00000| 50%| E|  |TAMS 0x0000000088c00000, 0x0000000088c00000| Complete 
| 141|0x0000000088d00000, 0x0000000088e00000, 0x0000000088e00000|100%| E|CS|TAMS 0x0000000088d00000, 0x0000000088d00000| Complete 
| 142|0x0000000088e00000, 0x0000000088f00000, 0x0000000088f00000|100%| E|CS|TAMS 0x0000000088e00000, 0x0000000088e00000| Complete 
| 143|0x0000000088f00000, 0x0000000089000000, 0x0000000089000000|100%| E|CS|TAMS 0x0000000088f00000, 0x0000000088f00000| Complete 
| 144|0x0000000089000000, 0x0000000089100000, 0x0000000089100000|100%| E|CS|TAMS 0x0000000089000000, 0x0000000089000000| Complete 
| 145|0x0000000089100000, 0x0000000089200000, 0x0000000089200000|100%| E|CS|TAMS 0x0000000089100000, 0x0000000089100000| Complete 
| 146|0x0000000089200000, 0x0000000089300000, 0x0000000089300000|100%| E|CS|TAMS 0x0000000089200000, 0x0000000089200000| Complete 
| 147|0x0000000089300000, 0x0000000089400000, 0x0000000089400000|100%| E|CS|TAMS 0x0000000089300000, 0x0000000089300000| Complete 
| 148|0x0000000089400000, 0x0000000089500000, 0x0000000089500000|100%| E|CS|TAMS 0x0000000089400000, 0x0000000089400000| Complete 
| 149|0x0000000089500000, 0x0000000089600000, 0x0000000089600000|100%| E|CS|TAMS 0x0000000089500000, 0x0000000089500000| Complete 
| 150|0x0000000089600000, 0x0000000089700000, 0x0000000089700000|100%| E|CS|TAMS 0x0000000089600000, 0x0000000089600000| Complete 
| 151|0x0000000089700000, 0x0000000089800000, 0x0000000089800000|100%| E|CS|TAMS 0x0000000089700000, 0x0000000089700000| Complete 
| 152|0x0000000089800000, 0x0000000089900000, 0x0000000089900000|100%| E|CS|TAMS 0x0000000089800000, 0x0000000089800000| Complete 
| 153|0x0000000089900000, 0x0000000089a00000, 0x0000000089a00000|100%| E|CS|TAMS 0x0000000089900000, 0x0000000089900000| Complete 
| 154|0x0000000089a00000, 0x0000000089b00000, 0x0000000089b00000|100%| E|CS|TAMS 0x0000000089a00000, 0x0000000089a00000| Complete 
| 155|0x0000000089b00000, 0x0000000089c00000, 0x0000000089c00000|100%| E|CS|TAMS 0x0000000089b00000, 0x0000000089b00000| Complete 
| 156|0x0000000089c00000, 0x0000000089d00000, 0x0000000089d00000|100%| E|CS|TAMS 0x0000000089c00000, 0x0000000089c00000| Complete 
| 157|0x0000000089d00000, 0x0000000089e00000, 0x0000000089e00000|100%| E|CS|TAMS 0x0000000089d00000, 0x0000000089d00000| Complete 
| 158|0x0000000089e00000, 0x0000000089f00000, 0x0000000089f00000|100%| E|CS|TAMS 0x0000000089e00000, 0x0000000089e00000| Complete 
| 159|0x0000000089f00000, 0x000000008a000000, 0x000000008a000000|100%| E|CS|TAMS 0x0000000089f00000, 0x0000000089f00000| Complete 
| 160|0x000000008a000000, 0x000000008a100000, 0x000000008a100000|100%| E|CS|TAMS 0x000000008a000000, 0x000000008a000000| Complete 
| 161|0x000000008a100000, 0x000000008a200000, 0x000000008a200000|100%| E|CS|TAMS 0x000000008a100000, 0x000000008a100000| Complete 
| 162|0x000000008a200000, 0x000000008a300000, 0x000000008a300000|100%| E|CS|TAMS 0x000000008a200000, 0x000000008a200000| Complete 
| 163|0x000000008a300000, 0x000000008a400000, 0x000000008a400000|100%| E|CS|TAMS 0x000000008a300000, 0x000000008a300000| Complete 
| 164|0x000000008a400000, 0x000000008a500000, 0x000000008a500000|100%| E|CS|TAMS 0x000000008a400000, 0x000000008a400000| Complete 
| 165|0x000000008a500000, 0x000000008a600000, 0x000000008a600000|100%| E|CS|TAMS 0x000000008a500000, 0x000000008a500000| Complete 
| 166|0x000000008a600000, 0x000000008a700000, 0x000000008a700000|100%| E|CS|TAMS 0x000000008a600000, 0x000000008a600000| Complete 
| 167|0x000000008a700000, 0x000000008a800000, 0x000000008a800000|100%| E|CS|TAMS 0x000000008a700000, 0x000000008a700000| Complete 
| 168|0x000000008a800000, 0x000000008a900000, 0x000000008a900000|100%| E|CS|TAMS 0x000000008a800000, 0x000000008a800000| Complete 
| 169|0x000000008a900000, 0x000000008aa00000, 0x000000008aa00000|100%| E|CS|TAMS 0x000000008a900000, 0x000000008a900000| Complete 
| 170|0x000000008aa00000, 0x000000008ab00000, 0x000000008ab00000|100%| E|CS|TAMS 0x000000008aa00000, 0x000000008aa00000| Complete 
| 171|0x000000008ab00000, 0x000000008ac00000, 0x000000008ac00000|100%| E|CS|TAMS 0x000000008ab00000, 0x000000008ab00000| Complete 
| 172|0x000000008ac00000, 0x000000008ad00000, 0x000000008ad00000|100%| E|CS|TAMS 0x000000008ac00000, 0x000000008ac00000| Complete 
| 173|0x000000008ad00000, 0x000000008ae00000, 0x000000008ae00000|100%| E|CS|TAMS 0x000000008ad00000, 0x000000008ad00000| Complete 
| 174|0x000000008ae00000, 0x000000008af00000, 0x000000008af00000|100%| E|CS|TAMS 0x000000008ae00000, 0x000000008ae00000| Complete 
| 175|0x000000008af00000, 0x000000008b000000, 0x000000008b000000|100%| E|CS|TAMS 0x000000008af00000, 0x000000008af00000| Complete 
| 176|0x000000008b000000, 0x000000008b100000, 0x000000008b100000|100%| E|CS|TAMS 0x000000008b000000, 0x000000008b000000| Complete 
| 177|0x000000008b100000, 0x000000008b200000, 0x000000008b200000|100%| E|CS|TAMS 0x000000008b100000, 0x000000008b100000| Complete 
| 178|0x000000008b200000, 0x000000008b300000, 0x000000008b300000|100%| E|CS|TAMS 0x000000008b200000, 0x000000008b200000| Complete 
| 179|0x000000008b300000, 0x000000008b400000, 0x000000008b400000|100%| E|CS|TAMS 0x000000008b300000, 0x000000008b300000| Complete 
| 180|0x000000008b400000, 0x000000008b500000, 0x000000008b500000|100%| E|CS|TAMS 0x000000008b400000, 0x000000008b400000| Complete 
| 181|0x000000008b500000, 0x000000008b600000, 0x000000008b600000|100%| E|CS|TAMS 0x000000008b500000, 0x000000008b500000| Complete 
| 182|0x000000008b600000, 0x000000008b700000, 0x000000008b700000|100%| E|CS|TAMS 0x000000008b600000, 0x000000008b600000| Complete 
| 183|0x000000008b700000, 0x000000008b800000, 0x000000008b800000|100%| E|CS|TAMS 0x000000008b700000, 0x000000008b700000| Complete 
| 184|0x000000008b800000, 0x000000008b900000, 0x000000008b900000|100%| E|CS|TAMS 0x000000008b800000, 0x000000008b800000| Complete 
| 185|0x000000008b900000, 0x000000008ba00000, 0x000000008ba00000|100%| E|CS|TAMS 0x000000008b900000, 0x000000008b900000| Complete 
| 186|0x000000008ba00000, 0x000000008bb00000, 0x000000008bb00000|100%| E|CS|TAMS 0x000000008ba00000, 0x000000008ba00000| Complete 
| 187|0x000000008bb00000, 0x000000008bc00000, 0x000000008bc00000|100%| E|CS|TAMS 0x000000008bb00000, 0x000000008bb00000| Complete 
| 188|0x000000008bc00000, 0x000000008bd00000, 0x000000008bd00000|100%| E|CS|TAMS 0x000000008bc00000, 0x000000008bc00000| Complete 
| 189|0x000000008bd00000, 0x000000008be00000, 0x000000008be00000|100%| E|CS|TAMS 0x000000008bd00000, 0x000000008bd00000| Complete 
| 190|0x000000008be00000, 0x000000008bf00000, 0x000000008bf00000|100%| E|CS|TAMS 0x000000008be00000, 0x000000008be00000| Complete 
| 191|0x000000008bf00000, 0x000000008c000000, 0x000000008c000000|100%| E|CS|TAMS 0x000000008bf00000, 0x000000008bf00000| Complete 
| 221|0x000000008dd00000, 0x000000008de00000, 0x000000008de00000|100%| E|CS|TAMS 0x000000008dd00000, 0x000000008dd00000| Complete 

Card table byte_map: [0x000001294d6c0000,0x000001294dac0000] _byte_map_base: 0x000001294d2c0000

Marking Bits (Prev, Next): (CMBitMap*) 0x000001293867f770, (CMBitMap*) 0x000001293867f730
 Prev Bits: [0x000001294fec0000, 0x0000012951ec0000)
 Next Bits: [0x000001294dec0000, 0x000001294fec0000)

Polling page: 0x0000012938450000

Metaspace:

Usage:
  Non-class:     72.69 MB used.
      Class:     11.33 MB used.
       Both:     84.02 MB used.

Virtual space:
  Non-class space:       80.00 MB reserved,      73.00 MB ( 91%) committed,  10 nodes.
      Class space:        1.00 GB reserved,      11.62 MB (  1%) committed,  1 nodes.
             Both:        1.08 GB reserved,      84.62 MB (  8%) committed. 

Chunk freelists:
   Non-Class:  2.61 MB
       Class:  241.00 KB
        Both:  2.84 MB

MaxMetaspaceSize: unlimited
CompressedClassSpaceSize: 1.00 GB
Initial GC threshold: 21.00 MB
Current GC threshold: 126.56 MB
CDS: off
MetaspaceReclaimPolicy: balanced
 - commit_granule_bytes: 65536.
 - commit_granule_words: 8192.
 - virtual_space_node_default_size: 1048576.
 - enlarge_chunks_in_place: 1.
 - new_chunks_are_fully_committed: 0.
 - uncommit_free_chunks: 1.
 - use_allocation_guard: 0.
 - handle_deallocations: 1.


Internal statistics:

num_allocs_failed_limit: 6.
num_arena_births: 678.
num_arena_deaths: 2.
num_vsnodes_births: 11.
num_vsnodes_deaths: 0.
num_space_committed: 1354.
num_space_uncommitted: 0.
num_chunks_returned_to_freelist: 8.
num_chunks_taken_from_freelist: 3546.
num_chunk_merges: 6.
num_chunk_splits: 2394.
num_chunks_enlarged: 1668.
num_purges: 2.
num_inconsistent_stats: 0.

CodeHeap 'non-profiled nmethods': size=119168Kb used=4583Kb max_used=4583Kb free=114584Kb
 bounds [0x0000012944eb0000, 0x0000012945330000, 0x000001294c310000]
CodeHeap 'profiled nmethods': size=119104Kb used=17708Kb max_used=17708Kb free=101395Kb
 bounds [0x000001293d310000, 0x000001293e460000, 0x0000012944760000]
CodeHeap 'non-nmethods': size=7488Kb used=4101Kb max_used=4151Kb free=3386Kb
 bounds [0x0000012944760000, 0x0000012944b80000, 0x0000012944eb0000]
 total_blobs=9784 nmethods=8835 adapters=858
 compilation: enabled
              stopped_count=0, restarted_count=0
 full_count=0

Compilation events (20 events):
Event: 10.841 Thread 0x0000012956c55430 9714       3       java.util.Collections$UnmodifiableSet::<init> (6 bytes)
Event: 10.841 Thread 0x00000129558b6c50 nmethod 9713 0x0000012945328310 code [0x00000129453284a0, 0x0000012945328578]
Event: 10.841 Thread 0x00000129558b6c50 9715       3       org.gradle.api.internal.artifacts.result.DefaultResolutionResult::eachElement (92 bytes)
Event: 10.841 Thread 0x000001295680c8f0 nmethod 9703 0x000001293e42d610 code [0x000001293e42d960, 0x000001293e42ebd8]
Event: 10.841 Thread 0x0000012956c55430 nmethod 9714 0x000001293e42f310 code [0x000001293e42f4c0, 0x000001293e42f7e8]
Event: 10.842 Thread 0x00000129558b6c50 nmethod 9715 0x000001293e42f910 code [0x000001293e42fbc0, 0x000001293e430b18]
Event: 10.842 Thread 0x0000012956c55430 9716       1       org.gradle.api.internal.artifacts.result.DefaultResolvedComponentResult::getId (5 bytes)
Event: 10.842 Thread 0x00000129558b6c50 9717       1       com.android.build.gradle.internal.utils.ViolatingPluginDetector::access$getPluginToSearch$p (5 bytes)
Event: 10.842 Thread 0x000001295680c8f0 9718       1       com.android.build.gradle.internal.utils.DependencyInfo::getDependencyGroup (5 bytes)
Event: 10.842 Thread 0x0000012956c55430 nmethod 9716 0x0000012945328610 code [0x00000129453287a0, 0x0000012945328878]
Event: 10.842 Thread 0x00000129558b6c50 nmethod 9717 0x0000012945328910 code [0x0000012945328aa0, 0x0000012945328b58]
Event: 10.842 Thread 0x000001295680c8f0 nmethod 9718 0x0000012945328c10 code [0x0000012945328da0, 0x0000012945328e78]
Event: 10.842 Thread 0x000001295680c8f0 9720       3       com.android.build.gradle.internal.utils.ViolatingPluginDetector$detect$violatingPlugins$1::invoke (9 bytes)
Event: 10.842 Thread 0x0000012956e7d880 9721       3       com.android.build.gradle.internal.utils.ViolatingPluginDetector$detect$violatingPlugins$1::invoke (94 bytes)
Event: 10.842 Thread 0x000001295680c8f0 nmethod 9720 0x000001293e430f90 code [0x000001293e431140, 0x000001293e431388]
Event: 10.843 Thread 0x0000012956e7d880 nmethod 9721 0x000001293e431490 code [0x000001293e431780, 0x000001293e432758]
Event: 10.843 Thread 0x0000012956e7d880 9722       1       org.gradle.api.internal.project.DefaultProject::getOwner (5 bytes)
Event: 10.843 Thread 0x0000012956e7d880 nmethod 9722 0x0000012945328f10 code [0x00000129453290a0, 0x0000012945329178]
Event: 10.855 Thread 0x0000012956e7d880 9723       3       java.lang.invoke.DirectMethodHandle$Special::<init> (16 bytes)
Event: 10.855 Thread 0x0000012956e7d880 nmethod 9723 0x000001293e432d90 code [0x000001293e432f40, 0x000001293e4330e8]

GC Heap History (20 events):
Event: 8.645 GC heap before
{Heap before GC invocations=30 (full 0):
 garbage-first heap   total 87040K, used 62486K [0x0000000080000000, 0x0000000100000000)
  region size 1024K, 14 young (14336K), 2 survivors (2048K)
 Metaspace       used 66566K, committed 67072K, reserved 1114112K
  class space    used 8803K, committed 9024K, reserved 1048576K
}
Event: 8.647 GC heap after
{Heap after GC invocations=31 (full 0):
 garbage-first heap   total 104448K, used 51638K [0x0000000080000000, 0x0000000100000000)
  region size 1024K, 1 young (1024K), 1 survivors (1024K)
 Metaspace       used 66566K, committed 67072K, reserved 1114112K
  class space    used 8803K, committed 9024K, reserved 1048576K
}
Event: 8.920 GC heap before
{Heap before GC invocations=32 (full 0):
 garbage-first heap   total 104448K, used 72118K [0x0000000080000000, 0x0000000100000000)
  region size 1024K, 21 young (21504K), 1 survivors (1024K)
 Metaspace       used 69933K, committed 70464K, reserved 1114112K
  class space    used 9218K, committed 9472K, reserved 1048576K
}
Event: 8.922 GC heap after
{Heap after GC invocations=33 (full 0):
 garbage-first heap   total 104448K, used 52340K [0x0000000080000000, 0x0000000100000000)
  region size 1024K, 2 young (2048K), 2 survivors (2048K)
 Metaspace       used 69933K, committed 70464K, reserved 1114112K
  class space    used 9218K, committed 9472K, reserved 1048576K
}
Event: 8.962 GC heap before
{Heap before GC invocations=33 (full 0):
 garbage-first heap   total 104448K, used 54388K [0x0000000080000000, 0x0000000100000000)
  region size 1024K, 5 young (5120K), 2 survivors (2048K)
 Metaspace       used 70177K, committed 70784K, reserved 1114112K
  class space    used 9246K, committed 9536K, reserved 1048576K
}
Event: 8.964 GC heap after
{Heap after GC invocations=34 (full 0):
 garbage-first heap   total 104448K, used 51975K [0x0000000080000000, 0x0000000100000000)
  region size 1024K, 1 young (1024K), 1 survivors (1024K)
 Metaspace       used 70177K, committed 70784K, reserved 1114112K
  class space    used 9246K, committed 9536K, reserved 1048576K
}
Event: 9.281 GC heap before
{Heap before GC invocations=34 (full 0):
 garbage-first heap   total 104448K, used 71431K [0x0000000080000000, 0x0000000100000000)
  region size 1024K, 21 young (21504K), 1 survivors (1024K)
 Metaspace       used 73259K, committed 73856K, reserved 1114112K
  class space    used 9693K, committed 9984K, reserved 1048576K
}
Event: 9.283 GC heap after
{Heap after GC invocations=35 (full 0):
 garbage-first heap   total 104448K, used 53921K [0x0000000080000000, 0x0000000100000000)
  region size 1024K, 3 young (3072K), 3 survivors (3072K)
 Metaspace       used 73259K, committed 73856K, reserved 1114112K
  class space    used 9693K, committed 9984K, reserved 1048576K
}
Event: 9.458 GC heap before
{Heap before GC invocations=36 (full 0):
 garbage-first heap   total 114688K, used 82593K [0x0000000080000000, 0x0000000100000000)
  region size 1024K, 25 young (25600K), 3 survivors (3072K)
 Metaspace       used 74708K, committed 75264K, reserved 1114112K
  class space    used 9876K, committed 10176K, reserved 1048576K
}
Event: 9.460 GC heap after
{Heap after GC invocations=37 (full 0):
 garbage-first heap   total 114688K, used 56060K [0x0000000080000000, 0x0000000100000000)
  region size 1024K, 4 young (4096K), 4 survivors (4096K)
 Metaspace       used 74708K, committed 75264K, reserved 1114112K
  class space    used 9876K, committed 10176K, reserved 1048576K
}
Event: 9.476 GC heap before
{Heap before GC invocations=37 (full 0):
 garbage-first heap   total 114688K, used 57084K [0x0000000080000000, 0x0000000100000000)
  region size 1024K, 5 young (5120K), 4 survivors (4096K)
 Metaspace       used 74808K, committed 75392K, reserved 1114112K
  class space    used 9888K, committed 10176K, reserved 1048576K
}
Event: 9.478 GC heap after
{Heap after GC invocations=38 (full 0):
 garbage-first heap   total 114688K, used 56240K [0x0000000080000000, 0x0000000100000000)
  region size 1024K, 1 young (1024K), 1 survivors (1024K)
 Metaspace       used 74808K, committed 75392K, reserved 1114112K
  class space    used 9888K, committed 10176K, reserved 1048576K
}
Event: 9.724 GC heap before
{Heap before GC invocations=38 (full 0):
 garbage-first heap   total 114688K, used 82864K [0x0000000080000000, 0x0000000100000000)
  region size 1024K, 27 young (27648K), 1 survivors (1024K)
 Metaspace       used 76962K, committed 77504K, reserved 1122304K
  class space    used 10173K, committed 10432K, reserved 1048576K
}
Event: 9.726 GC heap after
{Heap after GC invocations=39 (full 0):
 garbage-first heap   total 114688K, used 58028K [0x0000000080000000, 0x0000000100000000)
  region size 1024K, 3 young (3072K), 3 survivors (3072K)
 Metaspace       used 76962K, committed 77504K, reserved 1122304K
  class space    used 10173K, committed 10432K, reserved 1048576K
}
Event: 10.036 GC heap before
{Heap before GC invocations=40 (full 0):
 garbage-first heap   total 114688K, used 84652K [0x0000000080000000, 0x0000000100000000)
  region size 1024K, 29 young (29696K), 3 survivors (3072K)
 Metaspace       used 79081K, committed 79680K, reserved 1122304K
  class space    used 10434K, committed 10688K, reserved 1048576K
}
Event: 10.038 GC heap after
{Heap after GC invocations=41 (full 0):
 garbage-first heap   total 114688K, used 60024K [0x0000000080000000, 0x0000000100000000)
  region size 1024K, 2 young (2048K), 2 survivors (2048K)
 Metaspace       used 79081K, committed 79680K, reserved 1122304K
  class space    used 10434K, committed 10688K, reserved 1048576K
}
Event: 10.051 GC heap before
{Heap before GC invocations=41 (full 0):
 garbage-first heap   total 114688K, used 63096K [0x0000000080000000, 0x0000000100000000)
  region size 1024K, 5 young (5120K), 2 survivors (2048K)
 Metaspace       used 79081K, committed 79680K, reserved 1122304K
  class space    used 10434K, committed 10688K, reserved 1048576K
}
Event: 10.052 GC heap after
{Heap after GC invocations=42 (full 0):
 garbage-first heap   total 114688K, used 59683K [0x0000000080000000, 0x0000000100000000)
  region size 1024K, 1 young (1024K), 1 survivors (1024K)
 Metaspace       used 79081K, committed 79680K, reserved 1122304K
  class space    used 10434K, committed 10688K, reserved 1048576K
}
Event: 10.221 GC heap before
{Heap before GC invocations=42 (full 0):
 garbage-first heap   total 114688K, used 86307K [0x0000000080000000, 0x0000000100000000)
  region size 1024K, 27 young (27648K), 1 survivors (1024K)
 Metaspace       used 79854K, committed 80448K, reserved 1122304K
  class space    used 10529K, committed 10816K, reserved 1048576K
}
Event: 10.224 GC heap after
{Heap after GC invocations=43 (full 0):
 garbage-first heap   total 197632K, used 61850K [0x0000000080000000, 0x0000000100000000)
  region size 1024K, 3 young (3072K), 3 survivors (3072K)
 Metaspace       used 79854K, committed 80448K, reserved 1122304K
  class space    used 10529K, committed 10816K, reserved 1048576K
}

Dll operation events (2 events):
Event: 0.255 Loaded shared library D:\Andriod_Studio\jbr\bin\java.dll
Event: 0.731 Loaded shared library D:\Andriod_Studio\jbr\bin\verify.dll

Deoptimization events (20 events):
Event: 10.832 Thread 0x00000129558679a0 Uncommon trap: trap_request=0xffffff45 fr.pc=0x000001294516849c relative=0x00000000000001dc
Event: 10.832 Thread 0x00000129558679a0 Uncommon trap: reason=unstable_if action=reinterpret pc=0x000001294516849c method=com.esotericsoftware.kryo.io.Input.readVarInt(Z)I @ 42 c2
Event: 10.832 Thread 0x00000129558679a0 DEOPT PACKING pc=0x000001294516849c sp=0x0000001940ff8e40
Event: 10.832 Thread 0x00000129558679a0 DEOPT UNPACKING pc=0x00000129447b69a3 sp=0x0000001940ff8de8 mode 2
Event: 10.836 Thread 0x00000129558679a0 Uncommon trap: trap_request=0xffffff45 fr.pc=0x000001294513c8d8 relative=0x00000000000001b8
Event: 10.836 Thread 0x00000129558679a0 Uncommon trap: reason=unstable_if action=reinterpret pc=0x000001294513c8d8 method=com.esotericsoftware.kryo.io.Input.require(I)I @ 65 c2
Event: 10.836 Thread 0x00000129558679a0 DEOPT PACKING pc=0x000001294513c8d8 sp=0x0000001940ff8ec0
Event: 10.836 Thread 0x00000129558679a0 DEOPT UNPACKING pc=0x00000129447b69a3 sp=0x0000001940ff8e70 mode 2
Event: 10.843 Thread 0x00000129558679a0 Uncommon trap: trap_request=0xfffffff4 fr.pc=0x0000012945161190 relative=0x0000000000000730
Event: 10.843 Thread 0x00000129558679a0 Uncommon trap: reason=null_check action=make_not_entrant pc=0x0000012945161190 method=org.gradle.util.internal.SimpleMapInterner.intern(Ljava/lang/Object;)Ljava/lang/Object; @ 2 c2
Event: 10.843 Thread 0x00000129558679a0 DEOPT PACKING pc=0x0000012945161190 sp=0x0000001940ff9200
Event: 10.843 Thread 0x00000129558679a0 DEOPT UNPACKING pc=0x00000129447b69a3 sp=0x0000001940ff91c8 mode 2
Event: 10.857 Thread 0x00000129558679a0 Uncommon trap: trap_request=0xffffff45 fr.pc=0x0000012945081888 relative=0x0000000000000088
Event: 10.857 Thread 0x00000129558679a0 Uncommon trap: reason=unstable_if action=reinterpret pc=0x0000012945081888 method=java.util.regex.Pattern$LastNode.match(Ljava/util/regex/Matcher;ILjava/lang/CharSequence;)Z @ 13 c2
Event: 10.857 Thread 0x00000129558679a0 DEOPT PACKING pc=0x0000012945081888 sp=0x0000001940ffab50
Event: 10.857 Thread 0x00000129558679a0 DEOPT UNPACKING pc=0x00000129447b69a3 sp=0x0000001940ffaac8 mode 2
Event: 10.858 Thread 0x00000129558679a0 Uncommon trap: trap_request=0xffffff45 fr.pc=0x0000012944fc1ddc relative=0x000000000000005c
Event: 10.858 Thread 0x00000129558679a0 Uncommon trap: reason=unstable_if action=reinterpret pc=0x0000012944fc1ddc method=java.util.Objects.equals(Ljava/lang/Object;Ljava/lang/Object;)Z @ 6 c2
Event: 10.858 Thread 0x00000129558679a0 DEOPT PACKING pc=0x0000012944fc1ddc sp=0x0000001940ffacb0
Event: 10.858 Thread 0x00000129558679a0 DEOPT UNPACKING pc=0x00000129447b69a3 sp=0x0000001940ffac50 mode 2

Classes unloaded (2 events):
Event: 8.667 Thread 0x0000012954f5a110 Unloading class 0x0000000100884560 '_BuildScript_$_run_closure1'
Event: 8.667 Thread 0x0000012954f5a110 Unloading class 0x0000000100884000 '_BuildScript_'

Classes redefined (0 events):
No events

Internal exceptions (20 events):
Event: 10.141 Thread 0x00000129558679a0 Exception <a 'java/lang/ClassNotFoundException'{0x0000000085b5f0e8}: org/gradle/api/JavaVersionCustomizer> (0x0000000085b5f0e8) 
thrown [s\src\hotspot\share\classfile\systemDictionary.cpp, line 256]
Event: 10.143 Thread 0x00000129558679a0 Exception <a 'java/lang/ClassNotFoundException'{0x0000000085baf568}: com/android/build/gradle/internal/CompileOptions$AgpDecorated_DecoratedBeanInfo> (0x0000000085baf568) 
thrown [s\src\hotspot\share\classfile\systemDictionary.cpp, line 256]
Event: 10.143 Thread 0x00000129558679a0 Exception <a 'java/lang/ClassNotFoundException'{0x0000000085bbbc08}: com/android/build/gradle/internal/CompileOptions$AgpDecoratedBeanInfo> (0x0000000085bbbc08) 
thrown [s\src\hotspot\share\classfile\systemDictionary.cpp, line 256]
Event: 10.143 Thread 0x00000129558679a0 Exception <a 'java/lang/ClassNotFoundException'{0x0000000085bc8140}: com/android/build/gradle/internal/CompileOptionsBeanInfo> (0x0000000085bc8140) 
thrown [s\src\hotspot\share\classfile\systemDictionary.cpp, line 256]
Event: 10.143 Thread 0x00000129558679a0 Exception <a 'java/lang/ClassNotFoundException'{0x0000000085bd4680}: com/android/build/gradle/internal/CompileOptionsCustomizer> (0x0000000085bd4680) 
thrown [s\src\hotspot\share\classfile\systemDictionary.cpp, line 256]
Event: 10.144 Thread 0x00000129558679a0 Exception <a 'java/lang/ClassNotFoundException'{0x0000000085bed2e8}: com/android/build/gradle/internal/CompileOptions$AgpDecoratedCustomizer> (0x0000000085bed2e8) 
thrown [s\src\hotspot\share\classfile\systemDictionary.cpp, line 256]
Event: 10.144 Thread 0x00000129558679a0 Exception <a 'java/lang/ClassNotFoundException'{0x0000000085a091a8}: com/android/build/gradle/internal/CompileOptions$AgpDecorated_DecoratedCustomizer> (0x0000000085a091a8) 
thrown [s\src\hotspot\share\classfile\systemDictionary.cpp, line 256]
Event: 10.148 Thread 0x00000129558679a0 Exception <a 'java/lang/ClassNotFoundException'{0x0000000085a83578}: org/gradle/api/internal/artifacts/dsl/dependencies/DefaultDependencyHandler_DecoratedBeanInfo> (0x0000000085a83578) 
thrown [s\src\hotspot\share\classfile\systemDictionary.cpp, line 256]
Event: 10.148 Thread 0x00000129558679a0 Exception <a 'java/lang/ClassNotFoundException'{0x0000000085a9a8f0}: org/gradle/api/internal/artifacts/dsl/dependencies/DefaultDependencyHandlerBeanInfo> (0x0000000085a9a8f0) 
thrown [s\src\hotspot\share\classfile\systemDictionary.cpp, line 256]
Event: 10.149 Thread 0x00000129558679a0 Exception <a 'java/lang/ClassNotFoundException'{0x0000000085ab1c28}: org/gradle/api/internal/artifacts/dsl/dependencies/DefaultDependencyHandlerCustomizer> (0x0000000085ab1c28) 
thrown [s\src\hotspot\share\classfile\systemDictionary.cpp, line 256]
Event: 10.150 Thread 0x00000129558679a0 Exception <a 'java/lang/ClassNotFoundException'{0x0000000085af0238}: org/gradle/api/internal/artifacts/dsl/dependencies/DefaultDependencyHandler_DecoratedCustomizer> (0x0000000085af0238) 
thrown [s\src\hotspot\share\classfile\systemDictionary.cpp, line 256]
Event: 10.585 Thread 0x00000129558679a0 Exception <a 'java/lang/NoSuchMethodError'{0x000000008a42f170}: 'int java.lang.invoke.DirectMethodHandle$Holder.invokeSpecialIFC(java.lang.Object, java.lang.Object, java.lang.Object, java.lang.Object, java.lang.Object)'> (0x000000008a42f170) 
thrown [s\src\hotspot\share\interpreter\linkResolver.cpp, line 771]
Event: 10.748 Thread 0x00000129558679a0 Exception <a 'java/lang/ClassNotFoundException'{0x000000008971f1d8}: com/android/build/gradle/internal/api/ApkVariantOutputImpl_DecoratedBeanInfo> (0x000000008971f1d8) 
thrown [s\src\hotspot\share\classfile\systemDictionary.cpp, line 256]
Event: 10.748 Thread 0x00000129558679a0 Exception <a 'java/lang/ClassNotFoundException'{0x000000008972bdb0}: com/android/build/gradle/internal/api/ApkVariantOutputImplBeanInfo> (0x000000008972bdb0) 
thrown [s\src\hotspot\share\classfile\systemDictionary.cpp, line 256]
Event: 10.749 Thread 0x00000129558679a0 Exception <a 'java/lang/ClassNotFoundException'{0x0000000089738998}: com/android/build/gradle/internal/api/BaseVariantOutputImplBeanInfo> (0x0000000089738998) 
thrown [s\src\hotspot\share\classfile\systemDictionary.cpp, line 256]
Event: 10.749 Thread 0x00000129558679a0 Exception <a 'java/lang/ClassNotFoundException'{0x0000000089745800}: com/android/build/gradle/internal/api/BaseVariantOutputImplCustomizer> (0x0000000089745800) 
thrown [s\src\hotspot\share\classfile\systemDictionary.cpp, line 256]
Event: 10.750 Thread 0x00000129558679a0 Exception <a 'java/lang/ClassNotFoundException'{0x0000000089764d70}: com/android/build/gradle/internal/api/ApkVariantOutputImplCustomizer> (0x0000000089764d70) 
thrown [s\src\hotspot\share\classfile\systemDictionary.cpp, line 256]
Event: 10.751 Thread 0x00000129558679a0 Exception <a 'java/lang/ClassNotFoundException'{0x000000008977e568}: com/android/build/gradle/internal/api/ApkVariantOutputImpl_DecoratedCustomizer> (0x000000008977e568) 
thrown [s\src\hotspot\share\classfile\systemDictionary.cpp, line 256]
Event: 10.758 Thread 0x00000129558679a0 Exception <a 'java/lang/NoClassDefFoundError'{0x0000000089663ec8}: org/jetbrains/kotlin/gradle/plugin/KotlinBasePluginWrapper> (0x0000000089663ec8) 
thrown [s\src\hotspot\share\classfile\systemDictionary.cpp, line 245]
Event: 10.843 Thread 0x00000129558679a0 Implicit null exception at 0x0000012945160a92 to 0x0000012945161180

VM Operations (20 events):
Event: 9.937 Executing VM operation: HandshakeAllThreads
Event: 9.937 Executing VM operation: HandshakeAllThreads done
Event: 9.939 Executing VM operation: HandshakeAllThreads
Event: 9.939 Executing VM operation: HandshakeAllThreads done
Event: 9.958 Executing VM operation: HandshakeAllThreads
Event: 9.959 Executing VM operation: HandshakeAllThreads done
Event: 9.963 Executing VM operation: HandshakeAllThreads
Event: 9.963 Executing VM operation: HandshakeAllThreads done
Event: 10.035 Executing VM operation: G1CollectForAllocation
Event: 10.038 Executing VM operation: G1CollectForAllocation done
Event: 10.051 Executing VM operation: G1CollectForAllocation
Event: 10.052 Executing VM operation: G1CollectForAllocation done
Event: 10.170 Executing VM operation: HandshakeAllThreads
Event: 10.170 Executing VM operation: HandshakeAllThreads done
Event: 10.221 Executing VM operation: G1CollectForAllocation
Event: 10.224 Executing VM operation: G1CollectForAllocation done
Event: 10.733 Executing VM operation: ICBufferFull
Event: 10.733 Executing VM operation: ICBufferFull done
Event: 10.860 Executing VM operation: ICBufferFull
Event: 10.861 Executing VM operation: ICBufferFull done

Events (20 events):
Event: 9.683 loading class com/sun/jmx/mbeanserver/StandardMBeanIntrospector done
Event: 9.719 loading class javax/xml/stream/XMLStreamException
Event: 9.719 loading class javax/xml/stream/XMLStreamException done
Event: 9.741 loading class sun/reflect/annotation/AnnotationInvocationHandler$1
Event: 9.741 loading class sun/reflect/annotation/AnnotationInvocationHandler$1 done
Event: 9.835 loading class java/util/regex/Pattern$Caret
Event: 9.836 loading class java/util/regex/Pattern$Caret done
Event: 9.949 loading class java/util/zip/Deflater
Event: 9.949 loading class java/util/zip/Deflater done
Event: 9.950 loading class java/util/zip/Deflater$DeflaterZStreamRef
Event: 9.950 loading class java/util/zip/Deflater$DeflaterZStreamRef done
Event: 9.960 Thread 0x00000129558c3580 flushing nmethod 0x00000129451d9e90
Event: 9.965 Thread 0x00000129558c3580 flushing nmethod 0x000001293dbb4e90
Event: 9.967 Thread 0x00000129558c3580 flushing nmethod 0x000001293df4a690
Event: 9.982 loading class java/nio/file/StandardCopyOption
Event: 9.983 loading class java/nio/file/StandardCopyOption done
Event: 9.983 loading class sun/nio/fs/WindowsFileCopy
Event: 9.984 loading class sun/nio/fs/WindowsFileCopy done
Event: 10.075 loading class java/beans/IntrospectionException
Event: 10.075 loading class java/beans/IntrospectionException done


Dynamic libraries:
0x00007ff67ac30000 - 0x00007ff67ac3a000 	D:\Andriod_Studio\jbr\bin\java.exe
0x00007ffa374f0000 - 0x00007ffa376e8000 	C:\Windows\SYSTEM32\ntdll.dll
0x00007ffa36aa0000 - 0x00007ffa36b5f000 	C:\Windows\System32\KERNEL32.DLL
0x00007ffa34cb0000 - 0x00007ffa34fa6000 	C:\Windows\System32\KERNELBASE.dll
0x00007ffa34fb0000 - 0x00007ffa350b0000 	C:\Windows\System32\ucrtbase.dll
0x00007ffa2ffe0000 - 0x00007ffa2fff7000 	D:\Andriod_Studio\jbr\bin\jli.dll
0x00007ffa2e320000 - 0x00007ffa2e33b000 	D:\Andriod_Studio\jbr\bin\VCRUNTIME140.dll
0x00007ffa367d0000 - 0x00007ffa3696d000 	C:\Windows\System32\USER32.dll
0x00007ffa35140000 - 0x00007ffa35162000 	C:\Windows\System32\win32u.dll
0x00007ffa1f4a0000 - 0x00007ffa1f73a000 	C:\Windows\WinSxS\amd64_microsoft.windows.common-controls_6595b64144ccf1df_6.0.19041.1110_none_60b5254171f9507e\COMCTL32.dll
0x00007ffa36a70000 - 0x00007ffa36a9c000 	C:\Windows\System32\GDI32.dll
0x00007ffa355d0000 - 0x00007ffa3566e000 	C:\Windows\System32\msvcrt.dll
0x00007ffa34a40000 - 0x00007ffa34b55000 	C:\Windows\System32\gdi32full.dll
0x00007ffa35170000 - 0x00007ffa3520d000 	C:\Windows\System32\msvcp_win.dll
0x00007ffa35f70000 - 0x00007ffa35fa0000 	C:\Windows\System32\IMM32.DLL
0x00007ffa2ff00000 - 0x00007ffa2ff0c000 	D:\Andriod_Studio\jbr\bin\vcruntime140_1.dll
0x00007ffa1d460000 - 0x00007ffa1d4ed000 	D:\Andriod_Studio\jbr\bin\msvcp140.dll
0x00007ff9fd600000 - 0x00007ff9fe26d000 	D:\Andriod_Studio\jbr\bin\server\jvm.dll
0x00007ffa36d70000 - 0x00007ffa36e1f000 	C:\Windows\System32\ADVAPI32.dll
0x00007ffa36600000 - 0x00007ffa3669c000 	C:\Windows\System32\sechost.dll
0x00007ffa35670000 - 0x00007ffa35796000 	C:\Windows\System32\RPCRT4.dll
0x00007ffa232f0000 - 0x00007ffa232f9000 	C:\Windows\SYSTEM32\WSOCK32.dll
0x00007ffa2aa70000 - 0x00007ffa2aa97000 	C:\Windows\SYSTEM32\WINMM.dll
0x00007ffa2ce70000 - 0x00007ffa2ce7a000 	C:\Windows\SYSTEM32\VERSION.dll
0x00007ffa35ef0000 - 0x00007ffa35f5b000 	C:\Windows\System32\WS2_32.dll
0x00007ffa35240000 - 0x00007ffa35252000 	C:\Windows\System32\kernel.appcore.dll
0x00007ffa31de0000 - 0x00007ffa31dea000 	D:\Andriod_Studio\jbr\bin\jimage.dll
0x00007ffa32f60000 - 0x00007ffa33144000 	C:\Windows\SYSTEM32\DBGHELP.DLL
0x00007ffa21910000 - 0x00007ffa21944000 	C:\Windows\SYSTEM32\dbgcore.DLL
0x00007ffa350b0000 - 0x00007ffa35132000 	C:\Windows\System32\bcryptPrimitives.dll
0x00007ffa2feb0000 - 0x00007ffa2fed5000 	D:\Andriod_Studio\jbr\bin\java.dll
0x00007ffa2e030000 - 0x00007ffa2e048000 	D:\Andriod_Studio\jbr\bin\zip.dll
0x00007ffa357a0000 - 0x00007ffa35ee4000 	C:\Windows\System32\SHELL32.dll
0x00007ffa327c0000 - 0x00007ffa32f53000 	C:\Windows\SYSTEM32\windows.storage.dll
0x00007ffa37150000 - 0x00007ffa374a4000 	C:\Windows\System32\combase.dll
0x00007ffa34290000 - 0x00007ffa342be000 	C:\Windows\SYSTEM32\Wldp.dll
0x00007ffa36cb0000 - 0x00007ffa36d5d000 	C:\Windows\System32\SHCORE.dll
0x00007ffa36c50000 - 0x00007ffa36ca5000 	C:\Windows\System32\shlwapi.dll
0x00007ffa347a0000 - 0x00007ffa347bf000 	C:\Windows\SYSTEM32\profapi.dll
0x00007ffa22f20000 - 0x00007ffa22f39000 	D:\Andriod_Studio\jbr\bin\net.dll
0x00007ffa2a7d0000 - 0x00007ffa2a8da000 	C:\Windows\SYSTEM32\WINHTTP.dll
0x00007ffa33f90000 - 0x00007ffa33ffa000 	C:\Windows\system32\mswsock.dll
0x00007ffa22e80000 - 0x00007ffa22e96000 	D:\Andriod_Studio\jbr\bin\nio.dll
0x00007ffa2cc90000 - 0x00007ffa2cca0000 	D:\Andriod_Studio\jbr\bin\verify.dll
0x00007ffa07820000 - 0x00007ffa07847000 	C:\Users\Lenovo\.gradle\native\68d5fa5c4cc2d200863cafc0d521ce42e7d3e7ee720ec0a83991735586a16f82\windows-amd64\native-platform.dll
0x00007ffa1af60000 - 0x00007ffa1b0a4000 	C:\Users\Lenovo\.gradle\native\e376f236ea51e6404a007f0833ffe2c6e607c4080706a723a18a27aeea778392\windows-amd64\native-platform-file-events.dll
0x00007ffa2fe80000 - 0x00007ffa2fe89000 	D:\Andriod_Studio\jbr\bin\management.dll
0x00007ffa2cd40000 - 0x00007ffa2cd4b000 	D:\Andriod_Studio\jbr\bin\management_ext.dll
0x00007ffa36d60000 - 0x00007ffa36d68000 	C:\Windows\System32\PSAPI.DLL
0x00007ffa34180000 - 0x00007ffa34198000 	C:\Windows\SYSTEM32\CRYPTSP.dll
0x00007ffa338b0000 - 0x00007ffa338e4000 	C:\Windows\system32\rsaenh.dll
0x00007ffa35360000 - 0x00007ffa35387000 	C:\Windows\System32\bcrypt.dll
0x00007ffa34760000 - 0x00007ffa3478e000 	C:\Windows\SYSTEM32\USERENV.dll
0x00007ffa34420000 - 0x00007ffa3442c000 	C:\Windows\SYSTEM32\CRYPTBASE.dll
0x00007ffa33c80000 - 0x00007ffa33cbc000 	C:\Windows\SYSTEM32\IPHLPAPI.DLL
0x00007ffa36c40000 - 0x00007ffa36c48000 	C:\Windows\System32\NSI.dll
0x00007ffa2d350000 - 0x00007ffa2d367000 	C:\Windows\SYSTEM32\dhcpcsvc6.DLL
0x00007ffa2d010000 - 0x00007ffa2d02d000 	C:\Windows\SYSTEM32\dhcpcsvc.DLL
0x00007ffa33cc0000 - 0x00007ffa33d8b000 	C:\Windows\SYSTEM32\DNSAPI.dll
0x00007ffa2cc40000 - 0x00007ffa2cc47000 	C:\Windows\system32\wshunix.dll
0x000000005b220000 - 0x000000005b255000 	C:\Program Files\Bonjour\mdnsNSP.dll
0x00007ffa28000000 - 0x00007ffa2800a000 	C:\Windows\System32\rasadhlp.dll
0x00007ffa27dc0000 - 0x00007ffa27e42000 	C:\Windows\System32\fwpuclnt.dll

dbghelp: loaded successfully - version: 4.0.5 - missing functions: none
symbol engine: initialized successfully - sym options: 0x614 - pdb path: .;D:\Andriod_Studio\jbr\bin;C:\Windows\SYSTEM32;C:\Windows\WinSxS\amd64_microsoft.windows.common-controls_6595b64144ccf1df_6.0.19041.1110_none_60b5254171f9507e;D:\Andriod_Studio\jbr\bin\server;C:\Users\Lenovo\.gradle\native\68d5fa5c4cc2d200863cafc0d521ce42e7d3e7ee720ec0a83991735586a16f82\windows-amd64;C:\Users\Lenovo\.gradle\native\e376f236ea51e6404a007f0833ffe2c6e607c4080706a723a18a27aeea778392\windows-amd64;C:\Program Files\Bonjour

VM Arguments:
jvm_args: --add-opens=java.base/java.util=ALL-UNNAMED --add-opens=java.base/java.lang=ALL-UNNAMED --add-opens=java.base/java.lang.invoke=ALL-UNNAMED --add-opens=java.prefs/java.util.prefs=ALL-UNNAMED --add-opens=java.base/java.nio.charset=ALL-UNNAMED --add-opens=java.base/java.net=ALL-UNNAMED --add-opens=java.base/java.util.concurrent.atomic=ALL-UNNAMED -Xmx2048m -Dfile.encoding=UTF-8 -Duser.country=CN -Duser.language=zh -Duser.variant 
java_command: org.gradle.launcher.daemon.bootstrap.GradleDaemon 8.0
java_class_path (initial): C:\Users\Lenovo\.gradle\wrapper\dists\gradle-8.0-bin\ca5e32bp14vu59qr306oxotwh\gradle-8.0\lib\gradle-launcher-8.0.jar
Launcher Type: SUN_STANDARD

[Global flags]
     intx CICompilerCount                          = 12                                        {product} {ergonomic}
     uint ConcGCThreads                            = 3                                         {product} {ergonomic}
     uint G1ConcRefinementThreads                  = 13                                        {product} {ergonomic}
   size_t G1HeapRegionSize                         = 1048576                                   {product} {ergonomic}
    uintx GCDrainStackTargetSize                   = 64                                        {product} {ergonomic}
   size_t InitialHeapSize                          = 232783872                                 {product} {ergonomic}
   size_t MarkStackSize                            = 4194304                                   {product} {ergonomic}
   size_t MaxHeapSize                              = 2147483648                                {product} {command line}
   size_t MaxNewSize                               = 1287651328                                {product} {ergonomic}
   size_t MinHeapDeltaBytes                        = 1048576                                   {product} {ergonomic}
   size_t MinHeapSize                              = 8388608                                   {product} {ergonomic}
    uintx NonNMethodCodeHeapSize                   = 7602480                                {pd product} {ergonomic}
    uintx NonProfiledCodeHeapSize                  = 122027880                              {pd product} {ergonomic}
    uintx ProfiledCodeHeapSize                     = 122027880                              {pd product} {ergonomic}
    uintx ReservedCodeCacheSize                    = 251658240                              {pd product} {ergonomic}
     bool SegmentedCodeCache                       = true                                      {product} {ergonomic}
   size_t SoftMaxHeapSize                          = 2147483648                             {manageable} {ergonomic}
     bool UseCompressedClassPointers               = true                           {product lp64_product} {ergonomic}
     bool UseCompressedOops                        = true                           {product lp64_product} {ergonomic}
     bool UseG1GC                                  = true                                      {product} {ergonomic}
     bool UseLargePagesIndividualAllocation        = false                                  {pd product} {ergonomic}

Logging:
Log output configuration:
 #0: stdout all=warning uptime,level,tags
 #1: stderr all=off uptime,level,tags

Environment Variables:
JAVA_HOME=D:\Java
PATH=D:\software\VMware\VMwareStation\bin\;D:\software package\python\Scripts\;D:\software package\python\;D:\Java\bin;C:\Program Files (x86)\Common Files\Oracle\Java\javapath;C:\Program Files (x86)\Common Files\Intel\Shared Libraries\redist\intel64\compiler;C:\Windows\system32;C:\Windows;C:\Windows\System32\Wbem;C:\Windows\System32\WindowsPowerShell\v1.0\;C:\Windows\System32\OpenSSH\;C:\Program Files\Microsoft SQL Server\150\Tools\Binn\;D:\software package\MinGW_toConfigulationVScode\mingw64\bin;D:\software package\xshell\;D:\software package\xftp\;D:\Go\bin;D:\software\nodejs\node_global\node_modules;D:\software\git\Git\cmd;D:\software\nodejs\;D:\software\wechat_devtools\wechatt_web_devtools\dll;C:\Users\Lenovo\AppData\Local\Microsoft\WindowsApps;D:\python\PyCharm Community Edition 2022.3.3\bin;;D:\software package\VScode\Microsoft VS Code\bin;C:\Users\Lenovo\go\bin;D:\software package\go\GoLand 2022.3.1\bin;;D:\software\nodejs\node_global;C:\Users\Lenovo\AppData\Roaming\npm;D:\mysql\mysql-8.0.33-winx64;D:\mysql\mysql-8.0.33-winx64\bin;;D:\software\DataGrip\DataGrip\bin;
USERNAME=Lenovo
OS=Windows_NT
PROCESSOR_IDENTIFIER=AMD64 Family 25 Model 80 Stepping 0, AuthenticAMD
TMP=C:\Users\Lenovo\AppData\Local\Temp
TEMP=C:\Users\Lenovo\AppData\Local\Temp



---------------  S Y S T E M  ---------------

OS:
 Windows 10 , 64 bit Build 19041 (10.0.19041.2913)
OS uptime: 4 days 18:53 hours

CPU: total 16 (initial active 16) (16 cores per cpu, 2 threads per core) family 25 model 80 stepping 0 microcode 0x0, cx8, cmov, fxsr, ht, mmx, 3dnowpref, sse, sse2, sse3, ssse3, sse4a, sse4.1, sse4.2, popcnt, lzcnt, tsc, tscinvbit, avx, avx2, aes, erms, clmul, bmi1, bmi2, adx, sha, fma, vzeroupper, clflush, clflushopt

Memory: 4k page, system-wide physical 14198M (347M free)
TotalPageFile size 30198M (AvailPageFile size 5M)
current process WorkingSet (physical memory assigned to process): 398M, peak: 398M
current process commit charge ("private bytes"): 494M, peak: 496M

vm_info: OpenJDK 64-Bit Server VM (17.0.6+0-b2043.56-9586694) for windows-amd64 JRE (17.0.6+0-b2043.56-9586694), built on Feb  9 2023 20:06:20 by "androidbuild" with MS VC++ 16.10 / 16.11 (VS2019)

END.
